::1 - - [18/Nov/2018:19:47:57 +0000] "GET /__webpack_hmr HTTP/1.1" 404 - "http://localhost:3000/2" "Mozilla/5.0 (Macintosh; Intel Mac OS X 10_13_3) AppleWebKit/537.36 (KHTML, like Gecko) Chrome/68.0.3440.106 Safari/537.36"
::1 - - [18/Nov/2018:19:48:18 +0000] "GET /__webpack_hmr HTTP/1.1" 404 - "http://localhost:3000/2" "Mozilla/5.0 (Macintosh; Intel Mac OS X 10_13_3) AppleWebKit/537.36 (KHTML, like Gecko) Chrome/68.0.3440.106 Safari/537.36"
::1 - - [18/Nov/2018:19:48:38 +0000] "GET /__webpack_hmr HTTP/1.1" 404 - "http://localhost:3000/2" "Mozilla/5.0 (Macintosh; Intel Mac OS X 10_13_3) AppleWebKit/537.36 (KHTML, like Gecko) Chrome/68.0.3440.106 Safari/537.36"
::1 - - [18/Nov/2018:21:11:51 +0000] "GET /__webpack_hmr HTTP/1.1" 404 - "http://localhost:3000/2" "Mozilla/5.0 (Macintosh; Intel Mac OS X 10_13_3) AppleWebKit/537.36 (KHTML, like Gecko) Chrome/68.0.3440.106 Safari/537.36"
::1 - - [18/Nov/2018:21:12:12 +0000] "GET /__webpack_hmr HTTP/1.1" 404 - "http://localhost:3000/2" "Mozilla/5.0 (Macintosh; Intel Mac OS X 10_13_3) AppleWebKit/537.36 (KHTML, like Gecko) Chrome/68.0.3440.106 Safari/537.36"
::1 - - [18/Nov/2018:21:12:32 +0000] "GET /__webpack_hmr HTTP/1.1" 404 - "http://localhost:3000/2" "Mozilla/5.0 (Macintosh; Intel Mac OS X 10_13_3) AppleWebKit/537.36 (KHTML, like Gecko) Chrome/68.0.3440.106 Safari/537.36"
::1 - - [18/Nov/2018:21:12:54 +0000] "GET /__webpack_hmr HTTP/1.1" 404 - "http://localhost:3000/2" "Mozilla/5.0 (Macintosh; Intel Mac OS X 10_13_3) AppleWebKit/537.36 (KHTML, like Gecko) Chrome/68.0.3440.106 Safari/537.36"
::1 - - [18/Nov/2018:21:13:16 +0000] "GET /__webpack_hmr HTTP/1.1" 404 - "http://localhost:3000/2" "Mozilla/5.0 (Macintosh; Intel Mac OS X 10_13_3) AppleWebKit/537.36 (KHTML, like Gecko) Chrome/68.0.3440.106 Safari/537.36"
::1 - - [18/Nov/2018:21:13:37 +0000] "GET /__webpack_hmr HTTP/1.1" 404 - "http://localhost:3000/2" "Mozilla/5.0 (Macintosh; Intel Mac OS X 10_13_3) AppleWebKit/537.36 (KHTML, like Gecko) Chrome/68.0.3440.106 Safari/537.36"
::1 - - [18/Nov/2018:21:13:58 +0000] "GET /__webpack_hmr HTTP/1.1" 404 - "http://localhost:3000/2" "Mozilla/5.0 (Macintosh; Intel Mac OS X 10_13_3) AppleWebKit/537.36 (KHTML, like Gecko) Chrome/68.0.3440.106 Safari/537.36"
::1 - - [18/Nov/2018:21:14:19 +0000] "GET /__webpack_hmr HTTP/1.1" 404 - "http://localhost:3000/2" "Mozilla/5.0 (Macintosh; Intel Mac OS X 10_13_3) AppleWebKit/537.36 (KHTML, like Gecko) Chrome/68.0.3440.106 Safari/537.36"
::1 - - [18/Nov/2018:21:14:40 +0000] "GET /__webpack_hmr HTTP/1.1" 404 - "http://localhost:3000/2" "Mozilla/5.0 (Macintosh; Intel Mac OS X 10_13_3) AppleWebKit/537.36 (KHTML, like Gecko) Chrome/68.0.3440.106 Safari/537.36"
::1 - - [18/Nov/2018:21:15:01 +0000] "GET /__webpack_hmr HTTP/1.1" 404 - "http://localhost:3000/2" "Mozilla/5.0 (Macintosh; Intel Mac OS X 10_13_3) AppleWebKit/537.36 (KHTML, like Gecko) Chrome/68.0.3440.106 Safari/537.36"
::1 - - [18/Nov/2018:21:15:47 +0000] "GET /__webpack_hmr HTTP/1.1" 404 - "http://localhost:3000/2" "Mozilla/5.0 (Macintosh; Intel Mac OS X 10_13_3) AppleWebKit/537.36 (KHTML, like Gecko) Chrome/68.0.3440.106 Safari/537.36"
::1 - - [18/Nov/2018:21:16:08 +0000] "GET /__webpack_hmr HTTP/1.1" 404 - "http://localhost:3000/2" "Mozilla/5.0 (Macintosh; Intel Mac OS X 10_13_3) AppleWebKit/537.36 (KHTML, like Gecko) Chrome/68.0.3440.106 Safari/537.36"
::1 - - [18/Nov/2018:21:16:30 +0000] "GET /__webpack_hmr HTTP/1.1" 404 - "http://localhost:3000/2" "Mozilla/5.0 (Macintosh; Intel Mac OS X 10_13_3) AppleWebKit/537.36 (KHTML, like Gecko) Chrome/68.0.3440.106 Safari/537.36"
::1 - - [18/Nov/2018:21:16:53 +0000] "GET /__webpack_hmr HTTP/1.1" 404 - "http://localhost:3000/2" "Mozilla/5.0 (Macintosh; Intel Mac OS X 10_13_3) AppleWebKit/537.36 (KHTML, like Gecko) Chrome/68.0.3440.106 Safari/537.36"
::1 - - [18/Nov/2018:21:17:15 +0000] "GET /__webpack_hmr HTTP/1.1" 404 - "http://localhost:3000/2" "Mozilla/5.0 (Macintosh; Intel Mac OS X 10_13_3) AppleWebKit/537.36 (KHTML, like Gecko) Chrome/68.0.3440.106 Safari/537.36"
::1 - - [18/Nov/2018:21:17:48 +0000] "GET /__webpack_hmr HTTP/1.1" 404 - "http://localhost:3000/2" "Mozilla/5.0 (Macintosh; Intel Mac OS X 10_13_3) AppleWebKit/537.36 (KHTML, like Gecko) Chrome/68.0.3440.106 Safari/537.36"
::1 - - [18/Nov/2018:21:18:11 +0000] "GET /__webpack_hmr HTTP/1.1" 404 - "http://localhost:3000/2" "Mozilla/5.0 (Macintosh; Intel Mac OS X 10_13_3) AppleWebKit/537.36 (KHTML, like Gecko) Chrome/68.0.3440.106 Safari/537.36"
::1 - - [18/Nov/2018:21:18:36 +0000] "GET /__webpack_hmr HTTP/1.1" 404 - "http://localhost:3000/2" "Mozilla/5.0 (Macintosh; Intel Mac OS X 10_13_3) AppleWebKit/537.36 (KHTML, like Gecko) Chrome/68.0.3440.106 Safari/537.36"
::1 - - [18/Nov/2018:21:19:05 +0000] "GET /__webpack_hmr HTTP/1.1" 404 - "http://localhost:3000/2" "Mozilla/5.0 (Macintosh; Intel Mac OS X 10_13_3) AppleWebKit/537.36 (KHTML, like Gecko) Chrome/68.0.3440.106 Safari/537.36"
::1 - - [18/Nov/2018:21:19:29 +0000] "GET /__webpack_hmr HTTP/1.1" 404 - "http://localhost:3000/2" "Mozilla/5.0 (Macintosh; Intel Mac OS X 10_13_3) AppleWebKit/537.36 (KHTML, like Gecko) Chrome/68.0.3440.106 Safari/537.36"
::1 - - [18/Nov/2018:21:19:51 +0000] "GET /__webpack_hmr HTTP/1.1" 404 - "http://localhost:3000/2" "Mozilla/5.0 (Macintosh; Intel Mac OS X 10_13_3) AppleWebKit/537.36 (KHTML, like Gecko) Chrome/68.0.3440.106 Safari/537.36"
::1 - - [18/Nov/2018:21:20:15 +0000] "GET /__webpack_hmr HTTP/1.1" 404 - "http://localhost:3000/2" "Mozilla/5.0 (Macintosh; Intel Mac OS X 10_13_3) AppleWebKit/537.36 (KHTML, like Gecko) Chrome/68.0.3440.106 Safari/537.36"
::1 - - [18/Nov/2018:21:20:36 +0000] "GET /__webpack_hmr HTTP/1.1" 404 - "http://localhost:3000/2" "Mozilla/5.0 (Macintosh; Intel Mac OS X 10_13_3) AppleWebKit/537.36 (KHTML, like Gecko) Chrome/68.0.3440.106 Safari/537.36"
::1 - - [18/Nov/2018:21:20:57 +0000] "GET /__webpack_hmr HTTP/1.1" 404 - "http://localhost:3000/2" "Mozilla/5.0 (Macintosh; Intel Mac OS X 10_13_3) AppleWebKit/537.36 (KHTML, like Gecko) Chrome/68.0.3440.106 Safari/537.36"
::1 - - [18/Nov/2018:21:21:18 +0000] "GET /__webpack_hmr HTTP/1.1" 404 - "http://localhost:3000/2" "Mozilla/5.0 (Macintosh; Intel Mac OS X 10_13_3) AppleWebKit/537.36 (KHTML, like Gecko) Chrome/68.0.3440.106 Safari/537.36"
::1 - - [18/Nov/2018:21:21:39 +0000] "GET /__webpack_hmr HTTP/1.1" 404 - "http://localhost:3000/2" "Mozilla/5.0 (Macintosh; Intel Mac OS X 10_13_3) AppleWebKit/537.36 (KHTML, like Gecko) Chrome/68.0.3440.106 Safari/537.36"
::1 - - [18/Nov/2018:21:22:01 +0000] "GET /__webpack_hmr HTTP/1.1" 404 - "http://localhost:3000/2" "Mozilla/5.0 (Macintosh; Intel Mac OS X 10_13_3) AppleWebKit/537.36 (KHTML, like Gecko) Chrome/68.0.3440.106 Safari/537.36"
::1 - - [18/Nov/2018:21:22:23 +0000] "GET /__webpack_hmr HTTP/1.1" 404 - "http://localhost:3000/2" "Mozilla/5.0 (Macintosh; Intel Mac OS X 10_13_3) AppleWebKit/537.36 (KHTML, like Gecko) Chrome/68.0.3440.106 Safari/537.36"
::1 - - [18/Nov/2018:21:22:46 +0000] "GET /__webpack_hmr HTTP/1.1" 404 - "http://localhost:3000/2" "Mozilla/5.0 (Macintosh; Intel Mac OS X 10_13_3) AppleWebKit/537.36 (KHTML, like Gecko) Chrome/68.0.3440.106 Safari/537.36"
::1 - - [18/Nov/2018:21:23:10 +0000] "GET /__webpack_hmr HTTP/1.1" 404 - "http://localhost:3000/2" "Mozilla/5.0 (Macintosh; Intel Mac OS X 10_13_3) AppleWebKit/537.36 (KHTML, like Gecko) Chrome/68.0.3440.106 Safari/537.36"
::1 - - [18/Nov/2018:21:23:39 +0000] "GET /__webpack_hmr HTTP/1.1" 404 - "http://localhost:3000/2" "Mozilla/5.0 (Macintosh; Intel Mac OS X 10_13_3) AppleWebKit/537.36 (KHTML, like Gecko) Chrome/68.0.3440.106 Safari/537.36"
::1 - - [18/Nov/2018:21:24:00 +0000] "GET /__webpack_hmr HTTP/1.1" 404 - "http://localhost:3000/2" "Mozilla/5.0 (Macintosh; Intel Mac OS X 10_13_3) AppleWebKit/537.36 (KHTML, like Gecko) Chrome/68.0.3440.106 Safari/537.36"
::1 - - [18/Nov/2018:21:24:21 +0000] "GET /__webpack_hmr HTTP/1.1" 404 - "http://localhost:3000/2" "Mozilla/5.0 (Macintosh; Intel Mac OS X 10_13_3) AppleWebKit/537.36 (KHTML, like Gecko) Chrome/68.0.3440.106 Safari/537.36"
::1 - - [18/Nov/2018:21:24:51 +0000] "GET /__webpack_hmr HTTP/1.1" 404 - "http://localhost:3000/2" "Mozilla/5.0 (Macintosh; Intel Mac OS X 10_13_3) AppleWebKit/537.36 (KHTML, like Gecko) Chrome/68.0.3440.106 Safari/537.36"
::1 - - [18/Nov/2018:21:25:14 +0000] "GET /__webpack_hmr HTTP/1.1" 404 - "http://localhost:3000/2" "Mozilla/5.0 (Macintosh; Intel Mac OS X 10_13_3) AppleWebKit/537.36 (KHTML, like Gecko) Chrome/68.0.3440.106 Safari/537.36"
::1 - - [18/Nov/2018:21:25:35 +0000] "GET /__webpack_hmr HTTP/1.1" 404 - "http://localhost:3000/2" "Mozilla/5.0 (Macintosh; Intel Mac OS X 10_13_3) AppleWebKit/537.36 (KHTML, like Gecko) Chrome/68.0.3440.106 Safari/537.36"
::1 - - [18/Nov/2018:21:25:56 +0000] "GET /__webpack_hmr HTTP/1.1" 404 - "http://localhost:3000/2" "Mozilla/5.0 (Macintosh; Intel Mac OS X 10_13_3) AppleWebKit/537.36 (KHTML, like Gecko) Chrome/68.0.3440.106 Safari/537.36"
::1 - - [18/Nov/2018:21:26:26 +0000] "GET /__webpack_hmr HTTP/1.1" 404 - "http://localhost:3000/2" "Mozilla/5.0 (Macintosh; Intel Mac OS X 10_13_3) AppleWebKit/537.36 (KHTML, like Gecko) Chrome/68.0.3440.106 Safari/537.36"
::1 - - [18/Nov/2018:21:26:54 +0000] "GET /__webpack_hmr HTTP/1.1" 404 - "http://localhost:3000/2" "Mozilla/5.0 (Macintosh; Intel Mac OS X 10_13_3) AppleWebKit/537.36 (KHTML, like Gecko) Chrome/68.0.3440.106 Safari/537.36"
::1 - - [18/Nov/2018:21:27:15 +0000] "GET /__webpack_hmr HTTP/1.1" 404 - "http://localhost:3000/2" "Mozilla/5.0 (Macintosh; Intel Mac OS X 10_13_3) AppleWebKit/537.36 (KHTML, like Gecko) Chrome/68.0.3440.106 Safari/537.36"
::1 - - [18/Nov/2018:21:27:45 +0000] "GET /__webpack_hmr HTTP/1.1" 404 - "http://localhost:3000/2" "Mozilla/5.0 (Macintosh; Intel Mac OS X 10_13_3) AppleWebKit/537.36 (KHTML, like Gecko) Chrome/68.0.3440.106 Safari/537.36"
::1 - - [18/Nov/2018:21:28:08 +0000] "GET /__webpack_hmr HTTP/1.1" 404 - "http://localhost:3000/2" "Mozilla/5.0 (Macintosh; Intel Mac OS X 10_13_3) AppleWebKit/537.36 (KHTML, like Gecko) Chrome/68.0.3440.106 Safari/537.36"
::1 - - [18/Nov/2018:21:28:38 +0000] "GET /__webpack_hmr HTTP/1.1" 404 - "http://localhost:3000/2" "Mozilla/5.0 (Macintosh; Intel Mac OS X 10_13_3) AppleWebKit/537.36 (KHTML, like Gecko) Chrome/68.0.3440.106 Safari/537.36"
::1 - - [18/Nov/2018:21:28:59 +0000] "GET /__webpack_hmr HTTP/1.1" 404 - "http://localhost:3000/2" "Mozilla/5.0 (Macintosh; Intel Mac OS X 10_13_3) AppleWebKit/537.36 (KHTML, like Gecko) Chrome/68.0.3440.106 Safari/537.36"
::1 - - [18/Nov/2018:21:57:45 +0000] "GET /__webpack_hmr HTTP/1.1" 404 - "http://localhost:3000/2" "Mozilla/5.0 (Macintosh; Intel Mac OS X 10_13_3) AppleWebKit/537.36 (KHTML, like Gecko) Chrome/68.0.3440.106 Safari/537.36"
::1 - - [18/Nov/2018:21:58:09 +0000] "GET /__webpack_hmr HTTP/1.1" 404 - "http://localhost:3000/2" "Mozilla/5.0 (Macintosh; Intel Mac OS X 10_13_3) AppleWebKit/537.36 (KHTML, like Gecko) Chrome/68.0.3440.106 Safari/537.36"
::1 - - [18/Nov/2018:21:58:30 +0000] "GET /__webpack_hmr HTTP/1.1" 404 - "http://localhost:3000/2" "Mozilla/5.0 (Macintosh; Intel Mac OS X 10_13_3) AppleWebKit/537.36 (KHTML, like Gecko) Chrome/68.0.3440.106 Safari/537.36"
::1 - - [18/Nov/2018:21:58:51 +0000] "GET /__webpack_hmr HTTP/1.1" 404 - "http://localhost:3000/2" "Mozilla/5.0 (Macintosh; Intel Mac OS X 10_13_3) AppleWebKit/537.36 (KHTML, like Gecko) Chrome/68.0.3440.106 Safari/537.36"
::1 - - [18/Nov/2018:21:59:59 +0000] "GET /__webpack_hmr HTTP/1.1" 404 - "http://localhost:3000/2" "Mozilla/5.0 (Macintosh; Intel Mac OS X 10_13_3) AppleWebKit/537.36 (KHTML, like Gecko) Chrome/68.0.3440.106 Safari/537.36"
::1 - - [18/Nov/2018:22:00:20 +0000] "GET /__webpack_hmr HTTP/1.1" 404 - "http://localhost:3000/2" "Mozilla/5.0 (Macintosh; Intel Mac OS X 10_13_3) AppleWebKit/537.36 (KHTML, like Gecko) Chrome/68.0.3440.106 Safari/537.36"
::1 - - [18/Nov/2018:22:00:49 +0000] "GET /__webpack_hmr HTTP/1.1" 404 - "http://localhost:3000/2" "Mozilla/5.0 (Macintosh; Intel Mac OS X 10_13_3) AppleWebKit/537.36 (KHTML, like Gecko) Chrome/68.0.3440.106 Safari/537.36"
::1 - - [18/Nov/2018:22:01:31 +0000] "GET /__webpack_hmr HTTP/1.1" 404 - "http://localhost:3000/2" "Mozilla/5.0 (Macintosh; Intel Mac OS X 10_13_3) AppleWebKit/537.36 (KHTML, like Gecko) Chrome/68.0.3440.106 Safari/537.36"
::1 - - [18/Nov/2018:22:01:58 +0000] "GET /__webpack_hmr HTTP/1.1" 404 - "http://localhost:3000/2" "Mozilla/5.0 (Macintosh; Intel Mac OS X 10_13_3) AppleWebKit/537.36 (KHTML, like Gecko) Chrome/68.0.3440.106 Safari/537.36"
::1 - - [18/Nov/2018:22:02:22 +0000] "GET /__webpack_hmr HTTP/1.1" 404 - "http://localhost:3000/2" "Mozilla/5.0 (Macintosh; Intel Mac OS X 10_13_3) AppleWebKit/537.36 (KHTML, like Gecko) Chrome/68.0.3440.106 Safari/537.36"
::1 - - [18/Nov/2018:22:02:43 +0000] "GET /__webpack_hmr HTTP/1.1" 404 - "http://localhost:3000/2" "Mozilla/5.0 (Macintosh; Intel Mac OS X 10_13_3) AppleWebKit/537.36 (KHTML, like Gecko) Chrome/68.0.3440.106 Safari/537.36"
::1 - - [18/Nov/2018:22:03:04 +0000] "GET /__webpack_hmr HTTP/1.1" 404 - "http://localhost:3000/2" "Mozilla/5.0 (Macintosh; Intel Mac OS X 10_13_3) AppleWebKit/537.36 (KHTML, like Gecko) Chrome/68.0.3440.106 Safari/537.36"
::1 - - [18/Nov/2018:22:03:31 +0000] "GET /__webpack_hmr HTTP/1.1" 404 - "http://localhost:3000/2" "Mozilla/5.0 (Macintosh; Intel Mac OS X 10_13_3) AppleWebKit/537.36 (KHTML, like Gecko) Chrome/68.0.3440.106 Safari/537.36"
::1 - - [18/Nov/2018:22:03:53 +0000] "GET /__webpack_hmr HTTP/1.1" 404 - "http://localhost:3000/2" "Mozilla/5.0 (Macintosh; Intel Mac OS X 10_13_3) AppleWebKit/537.36 (KHTML, like Gecko) Chrome/68.0.3440.106 Safari/537.36"
::1 - - [18/Nov/2018:22:04:14 +0000] "GET /__webpack_hmr HTTP/1.1" 404 - "http://localhost:3000/2" "Mozilla/5.0 (Macintosh; Intel Mac OS X 10_13_3) AppleWebKit/537.36 (KHTML, like Gecko) Chrome/68.0.3440.106 Safari/537.36"
::1 - - [18/Nov/2018:22:04:35 +0000] "GET /__webpack_hmr HTTP/1.1" 404 - "http://localhost:3000/2" "Mozilla/5.0 (Macintosh; Intel Mac OS X 10_13_3) AppleWebKit/537.36 (KHTML, like Gecko) Chrome/68.0.3440.106 Safari/537.36"
::1 - - [18/Nov/2018:22:04:56 +0000] "GET /__webpack_hmr HTTP/1.1" 404 - "http://localhost:3000/2" "Mozilla/5.0 (Macintosh; Intel Mac OS X 10_13_3) AppleWebKit/537.36 (KHTML, like Gecko) Chrome/68.0.3440.106 Safari/537.36"
::1 - - [18/Nov/2018:22:22:32 +0000] "GET /__webpack_hmr HTTP/1.1" 404 - "http://localhost:3000/2" "Mozilla/5.0 (Macintosh; Intel Mac OS X 10_13_3) AppleWebKit/537.36 (KHTML, like Gecko) Chrome/68.0.3440.106 Safari/537.36"
::1 - - [18/Nov/2018:22:27:22 +0000] "GET /__webpack_hmr HTTP/1.1" 404 - "http://localhost:3000/2" "Mozilla/5.0 (Macintosh; Intel Mac OS X 10_13_3) AppleWebKit/537.36 (KHTML, like Gecko) Chrome/68.0.3440.106 Safari/537.36"
::1 - - [18/Nov/2018:22:27:43 +0000] "GET /__webpack_hmr HTTP/1.1" 404 - "http://localhost:3000/2" "Mozilla/5.0 (Macintosh; Intel Mac OS X 10_13_3) AppleWebKit/537.36 (KHTML, like Gecko) Chrome/68.0.3440.106 Safari/537.36"
::1 - - [18/Nov/2018:22:28:04 +0000] "GET /__webpack_hmr HTTP/1.1" 404 - "http://localhost:3000/2" "Mozilla/5.0 (Macintosh; Intel Mac OS X 10_13_3) AppleWebKit/537.36 (KHTML, like Gecko) Chrome/68.0.3440.106 Safari/537.36"
::1 - - [18/Nov/2018:22:28:25 +0000] "GET /__webpack_hmr HTTP/1.1" 404 - "http://localhost:3000/2" "Mozilla/5.0 (Macintosh; Intel Mac OS X 10_13_3) AppleWebKit/537.36 (KHTML, like Gecko) Chrome/68.0.3440.106 Safari/537.36"
::1 - - [18/Nov/2018:22:28:54 +0000] "GET /__webpack_hmr HTTP/1.1" 404 - "http://localhost:3000/2" "Mozilla/5.0 (Macintosh; Intel Mac OS X 10_13_3) AppleWebKit/537.36 (KHTML, like Gecko) Chrome/68.0.3440.106 Safari/537.36"
::1 - - [18/Nov/2018:23:06:07 +0000] "GET /__webpack_hmr HTTP/1.1" 404 - "http://localhost:3000/2" "Mozilla/5.0 (Macintosh; Intel Mac OS X 10_13_3) AppleWebKit/537.36 (KHTML, like Gecko) Chrome/68.0.3440.106 Safari/537.36"
::1 - - [18/Nov/2018:23:06:28 +0000] "GET /__webpack_hmr HTTP/1.1" 404 - "http://localhost:3000/2" "Mozilla/5.0 (Macintosh; Intel Mac OS X 10_13_3) AppleWebKit/537.36 (KHTML, like Gecko) Chrome/68.0.3440.106 Safari/537.36"
::1 - - [18/Nov/2018:23:06:49 +0000] "GET /__webpack_hmr HTTP/1.1" 404 - "http://localhost:3000/2" "Mozilla/5.0 (Macintosh; Intel Mac OS X 10_13_3) AppleWebKit/537.36 (KHTML, like Gecko) Chrome/68.0.3440.106 Safari/537.36"
::1 - - [18/Nov/2018:23:07:10 +0000] "GET /__webpack_hmr HTTP/1.1" 404 - "http://localhost:3000/2" "Mozilla/5.0 (Macintosh; Intel Mac OS X 10_13_3) AppleWebKit/537.36 (KHTML, like Gecko) Chrome/68.0.3440.106 Safari/537.36"
::1 - - [18/Nov/2018:23:07:31 +0000] "GET /__webpack_hmr HTTP/1.1" 404 - "http://localhost:3000/2" "Mozilla/5.0 (Macintosh; Intel Mac OS X 10_13_3) AppleWebKit/537.36 (KHTML, like Gecko) Chrome/68.0.3440.106 Safari/537.36"
::1 - - [18/Nov/2018:23:07:51 +0000] "GET /__webpack_hmr HTTP/1.1" 404 - "http://localhost:3000/2" "Mozilla/5.0 (Macintosh; Intel Mac OS X 10_13_3) AppleWebKit/537.36 (KHTML, like Gecko) Chrome/68.0.3440.106 Safari/537.36"
::1 - - [18/Nov/2018:23:08:13 +0000] "GET /__webpack_hmr HTTP/1.1" 404 - "http://localhost:3000/2" "Mozilla/5.0 (Macintosh; Intel Mac OS X 10_13_3) AppleWebKit/537.36 (KHTML, like Gecko) Chrome/68.0.3440.106 Safari/537.36"
::1 - - [18/Nov/2018:23:08:34 +0000] "GET /__webpack_hmr HTTP/1.1" 404 - "http://localhost:3000/2" "Mozilla/5.0 (Macintosh; Intel Mac OS X 10_13_3) AppleWebKit/537.36 (KHTML, like Gecko) Chrome/68.0.3440.106 Safari/537.36"
::1 - - [18/Nov/2018:23:08:55 +0000] "GET /__webpack_hmr HTTP/1.1" 404 - "http://localhost:3000/2" "Mozilla/5.0 (Macintosh; Intel Mac OS X 10_13_3) AppleWebKit/537.36 (KHTML, like Gecko) Chrome/68.0.3440.106 Safari/537.36"
::1 - - [18/Nov/2018:23:09:16 +0000] "GET /__webpack_hmr HTTP/1.1" 404 - "http://localhost:3000/2" "Mozilla/5.0 (Macintosh; Intel Mac OS X 10_13_3) AppleWebKit/537.36 (KHTML, like Gecko) Chrome/68.0.3440.106 Safari/537.36"
::1 - - [18/Nov/2018:23:09:40 +0000] "GET /__webpack_hmr HTTP/1.1" 404 - "http://localhost:3000/2" "Mozilla/5.0 (Macintosh; Intel Mac OS X 10_13_3) AppleWebKit/537.36 (KHTML, like Gecko) Chrome/68.0.3440.106 Safari/537.36"
::1 - - [18/Nov/2018:23:10:03 +0000] "GET /__webpack_hmr HTTP/1.1" 404 - "http://localhost:3000/2" "Mozilla/5.0 (Macintosh; Intel Mac OS X 10_13_3) AppleWebKit/537.36 (KHTML, like Gecko) Chrome/68.0.3440.106 Safari/537.36"
::1 - - [18/Nov/2018:23:10:25 +0000] "GET /__webpack_hmr HTTP/1.1" 404 - "http://localhost:3000/2" "Mozilla/5.0 (Macintosh; Intel Mac OS X 10_13_3) AppleWebKit/537.36 (KHTML, like Gecko) Chrome/68.0.3440.106 Safari/537.36"
::1 - - [18/Nov/2018:23:10:55 +0000] "GET /__webpack_hmr HTTP/1.1" 404 - "http://localhost:3000/2" "Mozilla/5.0 (Macintosh; Intel Mac OS X 10_13_3) AppleWebKit/537.36 (KHTML, like Gecko) Chrome/68.0.3440.106 Safari/537.36"
::1 - - [18/Nov/2018:23:11:19 +0000] "GET /__webpack_hmr HTTP/1.1" 404 - "http://localhost:3000/2" "Mozilla/5.0 (Macintosh; Intel Mac OS X 10_13_3) AppleWebKit/537.36 (KHTML, like Gecko) Chrome/68.0.3440.106 Safari/537.36"
::1 - - [18/Nov/2018:23:11:47 +0000] "GET /__webpack_hmr HTTP/1.1" 404 - "http://localhost:3000/2" "Mozilla/5.0 (Macintosh; Intel Mac OS X 10_13_3) AppleWebKit/537.36 (KHTML, like Gecko) Chrome/68.0.3440.106 Safari/537.36"
::1 - - [18/Nov/2018:23:12:16 +0000] "GET /__webpack_hmr HTTP/1.1" 404 - "http://localhost:3000/2" "Mozilla/5.0 (Macintosh; Intel Mac OS X 10_13_3) AppleWebKit/537.36 (KHTML, like Gecko) Chrome/68.0.3440.106 Safari/537.36"
::1 - - [18/Nov/2018:23:12:40 +0000] "GET /__webpack_hmr HTTP/1.1" 404 - "http://localhost:3000/2" "Mozilla/5.0 (Macintosh; Intel Mac OS X 10_13_3) AppleWebKit/537.36 (KHTML, like Gecko) Chrome/68.0.3440.106 Safari/537.36"
::1 - - [18/Nov/2018:23:13:09 +0000] "GET /__webpack_hmr HTTP/1.1" 404 - "http://localhost:3000/2" "Mozilla/5.0 (Macintosh; Intel Mac OS X 10_13_3) AppleWebKit/537.36 (KHTML, like Gecko) Chrome/68.0.3440.106 Safari/537.36"
::1 - - [18/Nov/2018:23:13:32 +0000] "GET /__webpack_hmr HTTP/1.1" 404 - "http://localhost:3000/2" "Mozilla/5.0 (Macintosh; Intel Mac OS X 10_13_3) AppleWebKit/537.36 (KHTML, like Gecko) Chrome/68.0.3440.106 Safari/537.36"
::1 - - [18/Nov/2018:23:13:54 +0000] "GET /__webpack_hmr HTTP/1.1" 404 - "http://localhost:3000/2" "Mozilla/5.0 (Macintosh; Intel Mac OS X 10_13_3) AppleWebKit/537.36 (KHTML, like Gecko) Chrome/68.0.3440.106 Safari/537.36"
::1 - - [18/Nov/2018:23:14:23 +0000] "GET /__webpack_hmr HTTP/1.1" 404 - "http://localhost:3000/2" "Mozilla/5.0 (Macintosh; Intel Mac OS X 10_13_3) AppleWebKit/537.36 (KHTML, like Gecko) Chrome/68.0.3440.106 Safari/537.36"
::1 - - [18/Nov/2018:23:14:52 +0000] "GET /__webpack_hmr HTTP/1.1" 404 - "http://localhost:3000/2" "Mozilla/5.0 (Macintosh; Intel Mac OS X 10_13_3) AppleWebKit/537.36 (KHTML, like Gecko) Chrome/68.0.3440.106 Safari/537.36"
::1 - - [18/Nov/2018:23:15:13 +0000] "GET /__webpack_hmr HTTP/1.1" 404 - "http://localhost:3000/2" "Mozilla/5.0 (Macintosh; Intel Mac OS X 10_13_3) AppleWebKit/537.36 (KHTML, like Gecko) Chrome/68.0.3440.106 Safari/537.36"
::1 - - [18/Nov/2018:23:15:41 +0000] "GET /__webpack_hmr HTTP/1.1" 404 - "http://localhost:3000/2" "Mozilla/5.0 (Macintosh; Intel Mac OS X 10_13_3) AppleWebKit/537.36 (KHTML, like Gecko) Chrome/68.0.3440.106 Safari/537.36"
::1 - - [18/Nov/2018:23:16:02 +0000] "GET /__webpack_hmr HTTP/1.1" 404 - "http://localhost:3000/2" "Mozilla/5.0 (Macintosh; Intel Mac OS X 10_13_3) AppleWebKit/537.36 (KHTML, like Gecko) Chrome/68.0.3440.106 Safari/537.36"
::1 - - [18/Nov/2018:23:16:28 +0000] "GET /__webpack_hmr HTTP/1.1" 404 - "http://localhost:3000/2" "Mozilla/5.0 (Macintosh; Intel Mac OS X 10_13_3) AppleWebKit/537.36 (KHTML, like Gecko) Chrome/68.0.3440.106 Safari/537.36"
::1 - - [22/Nov/2018:17:45:59 +0000] "GET /__webpack_hmr HTTP/1.1" 404 - "http://localhost:3000/2" "Mozilla/5.0 (Macintosh; Intel Mac OS X 10_13_3) AppleWebKit/537.36 (KHTML, like Gecko) Chrome/68.0.3440.106 Safari/537.36"
::1 - - [22/Nov/2018:17:46:15 +0000] "GET /__webpack_hmr HTTP/1.1" 404 - "http://localhost:3000/" "Mozilla/5.0 (Macintosh; Intel Mac OS X 10_13_3) AppleWebKit/537.36 (KHTML, like Gecko) Chrome/68.0.3440.106 Safari/537.36"
::1 - - [22/Nov/2018:17:46:20 +0000] "GET /__webpack_hmr HTTP/1.1" 404 - "http://localhost:3000/2" "Mozilla/5.0 (Macintosh; Intel Mac OS X 10_13_3) AppleWebKit/537.36 (KHTML, like Gecko) Chrome/68.0.3440.106 Safari/537.36"
::1 - - [22/Nov/2018:17:46:35 +0000] "GET /__webpack_hmr HTTP/1.1" 404 - "http://localhost:3000/todos" "Mozilla/5.0 (Macintosh; Intel Mac OS X 10_13_3) AppleWebKit/537.36 (KHTML, like Gecko) Chrome/68.0.3440.106 Safari/537.36"
::1 - - [22/Nov/2018:17:46:41 +0000] "GET /__webpack_hmr HTTP/1.1" 404 - "http://localhost:3000/2" "Mozilla/5.0 (Macintosh; Intel Mac OS X 10_13_3) AppleWebKit/537.36 (KHTML, like Gecko) Chrome/68.0.3440.106 Safari/537.36"
::1 - - [22/Nov/2018:17:46:55 +0000] "GET /__webpack_hmr HTTP/1.1" 404 - "http://localhost:3000/todos" "Mozilla/5.0 (Macintosh; Intel Mac OS X 10_13_3) AppleWebKit/537.36 (KHTML, like Gecko) Chrome/68.0.3440.106 Safari/537.36"
::1 - - [22/Nov/2018:17:47:02 +0000] "GET /__webpack_hmr HTTP/1.1" 404 - "http://localhost:3000/2" "Mozilla/5.0 (Macintosh; Intel Mac OS X 10_13_3) AppleWebKit/537.36 (KHTML, like Gecko) Chrome/68.0.3440.106 Safari/537.36"
::1 - - [22/Nov/2018:17:47:15 +0000] "GET /__webpack_hmr HTTP/1.1" 404 - "http://localhost:3000/todos" "Mozilla/5.0 (Macintosh; Intel Mac OS X 10_13_3) AppleWebKit/537.36 (KHTML, like Gecko) Chrome/68.0.3440.106 Safari/537.36"
::1 - - [22/Nov/2018:17:47:23 +0000] "GET /__webpack_hmr HTTP/1.1" 404 - "http://localhost:3000/2" "Mozilla/5.0 (Macintosh; Intel Mac OS X 10_13_3) AppleWebKit/537.36 (KHTML, like Gecko) Chrome/68.0.3440.106 Safari/537.36"
::1 - - [22/Nov/2018:17:47:35 +0000] "GET /__webpack_hmr HTTP/1.1" 404 - "http://localhost:3000/todos" "Mozilla/5.0 (Macintosh; Intel Mac OS X 10_13_3) AppleWebKit/537.36 (KHTML, like Gecko) Chrome/68.0.3440.106 Safari/537.36"
::1 - - [22/Nov/2018:17:47:45 +0000] "GET /__webpack_hmr HTTP/1.1" 404 - "http://localhost:3000/2" "Mozilla/5.0 (Macintosh; Intel Mac OS X 10_13_3) AppleWebKit/537.36 (KHTML, like Gecko) Chrome/68.0.3440.106 Safari/537.36"
::1 - - [22/Nov/2018:17:47:55 +0000] "GET /__webpack_hmr HTTP/1.1" 404 - "http://localhost:3000/todos" "Mozilla/5.0 (Macintosh; Intel Mac OS X 10_13_3) AppleWebKit/537.36 (KHTML, like Gecko) Chrome/68.0.3440.106 Safari/537.36"
::1 - - [22/Nov/2018:17:48:13 +0000] "GET /__webpack_hmr HTTP/1.1" 404 - "http://localhost:3000/2" "Mozilla/5.0 (Macintosh; Intel Mac OS X 10_13_3) AppleWebKit/537.36 (KHTML, like Gecko) Chrome/68.0.3440.106 Safari/537.36"
::1 - - [22/Nov/2018:17:48:15 +0000] "GET /__webpack_hmr HTTP/1.1" 404 - "http://localhost:3000/todos" "Mozilla/5.0 (Macintosh; Intel Mac OS X 10_13_3) AppleWebKit/537.36 (KHTML, like Gecko) Chrome/68.0.3440.106 Safari/537.36"
::1 - - [22/Nov/2018:17:48:35 +0000] "GET /__webpack_hmr HTTP/1.1" 404 - "http://localhost:3000/2" "Mozilla/5.0 (Macintosh; Intel Mac OS X 10_13_3) AppleWebKit/537.36 (KHTML, like Gecko) Chrome/68.0.3440.106 Safari/537.36"
::1 - - [22/Nov/2018:17:48:35 +0000] "GET /__webpack_hmr HTTP/1.1" 404 - "http://localhost:3000/todos" "Mozilla/5.0 (Macintosh; Intel Mac OS X 10_13_3) AppleWebKit/537.36 (KHTML, like Gecko) Chrome/68.0.3440.106 Safari/537.36"
::1 - - [22/Nov/2018:17:48:55 +0000] "GET /__webpack_hmr HTTP/1.1" 404 - "http://localhost:3000/todos" "Mozilla/5.0 (Macintosh; Intel Mac OS X 10_13_3) AppleWebKit/537.36 (KHTML, like Gecko) Chrome/68.0.3440.106 Safari/537.36"
::1 - - [22/Nov/2018:17:49:03 +0000] "GET /__webpack_hmr HTTP/1.1" 404 - "http://localhost:3000/2" "Mozilla/5.0 (Macintosh; Intel Mac OS X 10_13_3) AppleWebKit/537.36 (KHTML, like Gecko) Chrome/68.0.3440.106 Safari/537.36"
::1 - - [22/Nov/2018:17:49:15 +0000] "GET /__webpack_hmr HTTP/1.1" 404 - "http://localhost:3000/todos" "Mozilla/5.0 (Macintosh; Intel Mac OS X 10_13_3) AppleWebKit/537.36 (KHTML, like Gecko) Chrome/68.0.3440.106 Safari/537.36"
::1 - - [22/Nov/2018:17:49:26 +0000] "GET /__webpack_hmr HTTP/1.1" 404 - "http://localhost:3000/2" "Mozilla/5.0 (Macintosh; Intel Mac OS X 10_13_3) AppleWebKit/537.36 (KHTML, like Gecko) Chrome/68.0.3440.106 Safari/537.36"
::1 - - [22/Nov/2018:17:49:35 +0000] "GET /__webpack_hmr HTTP/1.1" 404 - "http://localhost:3000/todos" "Mozilla/5.0 (Macintosh; Intel Mac OS X 10_13_3) AppleWebKit/537.36 (KHTML, like Gecko) Chrome/68.0.3440.106 Safari/537.36"
::1 - - [22/Nov/2018:17:49:47 +0000] "GET /__webpack_hmr HTTP/1.1" 404 - "http://localhost:3000/2" "Mozilla/5.0 (Macintosh; Intel Mac OS X 10_13_3) AppleWebKit/537.36 (KHTML, like Gecko) Chrome/68.0.3440.106 Safari/537.36"
::1 - - [22/Nov/2018:17:49:55 +0000] "GET /__webpack_hmr HTTP/1.1" 404 - "http://localhost:3000/todos" "Mozilla/5.0 (Macintosh; Intel Mac OS X 10_13_3) AppleWebKit/537.36 (KHTML, like Gecko) Chrome/68.0.3440.106 Safari/537.36"
::1 - - [22/Nov/2018:17:50:14 +0000] "GET /__webpack_hmr HTTP/1.1" 404 - "http://localhost:3000/2" "Mozilla/5.0 (Macintosh; Intel Mac OS X 10_13_3) AppleWebKit/537.36 (KHTML, like Gecko) Chrome/68.0.3440.106 Safari/537.36"
::1 - - [22/Nov/2018:17:50:15 +0000] "GET /__webpack_hmr HTTP/1.1" 404 - "http://localhost:3000/todos" "Mozilla/5.0 (Macintosh; Intel Mac OS X 10_13_3) AppleWebKit/537.36 (KHTML, like Gecko) Chrome/68.0.3440.106 Safari/537.36"
::1 - - [22/Nov/2018:17:50:34 +0000] "GET /__webpack_hmr HTTP/1.1" 404 - "http://localhost:3000/2" "Mozilla/5.0 (Macintosh; Intel Mac OS X 10_13_3) AppleWebKit/537.36 (KHTML, like Gecko) Chrome/68.0.3440.106 Safari/537.36"
::1 - - [22/Nov/2018:17:50:35 +0000] "GET /__webpack_hmr HTTP/1.1" 404 - "http://localhost:3000/todos" "Mozilla/5.0 (Macintosh; Intel Mac OS X 10_13_3) AppleWebKit/537.36 (KHTML, like Gecko) Chrome/68.0.3440.106 Safari/537.36"
::1 - - [22/Nov/2018:17:50:54 +0000] "GET /prefetchBranchData HTTP/1.1" 404 157 "-" "Mozilla/5.0 (Macintosh; Intel Mac OS X 10_13_3) AppleWebKit/537.36 (KHTML, like Gecko) Chrome/68.0.3440.106 Safari/537.36"
::1 - - [22/Nov/2018:17:50:55 +0000] "GET /__webpack_hmr HTTP/1.1" 404 - "http://localhost:3000/todos" "Mozilla/5.0 (Macintosh; Intel Mac OS X 10_13_3) AppleWebKit/537.36 (KHTML, like Gecko) Chrome/68.0.3440.106 Safari/537.36"
::1 - - [22/Nov/2018:17:50:56 +0000] "GET /__webpack_hmr HTTP/1.1" 404 - "http://localhost:3000/2" "Mozilla/5.0 (Macintosh; Intel Mac OS X 10_13_3) AppleWebKit/537.36 (KHTML, like Gecko) Chrome/68.0.3440.106 Safari/537.36"
::1 - - [22/Nov/2018:17:51:04 +0000] "GET //getCMSData?reqURL=/ HTTP/1.1" 404 150 "-" "Mozilla/5.0 (Macintosh; Intel Mac OS X 10_13_3) AppleWebKit/537.36 (KHTML, like Gecko) Chrome/68.0.3440.106 Safari/537.36"
::1 - - [22/Nov/2018:17:51:10 +0000] "GET /getCMSData?reqURL=/ HTTP/1.1" 404 149 "-" "Mozilla/5.0 (Macintosh; Intel Mac OS X 10_13_3) AppleWebKit/537.36 (KHTML, like Gecko) Chrome/68.0.3440.106 Safari/537.36"
::1 - - [22/Nov/2018:17:51:15 +0000] "GET /getCMSData?reqURL=/ HTTP/1.1" 404 149 "-" "Mozilla/5.0 (Macintosh; Intel Mac OS X 10_13_3) AppleWebKit/537.36 (KHTML, like Gecko) Chrome/68.0.3440.106 Safari/537.36"
::1 - - [22/Nov/2018:17:51:16 +0000] "GET /__webpack_hmr HTTP/1.1" 404 - "http://localhost:3000/todos" "Mozilla/5.0 (Macintosh; Intel Mac OS X 10_13_3) AppleWebKit/537.36 (KHTML, like Gecko) Chrome/68.0.3440.106 Safari/537.36"
::1 - - [22/Nov/2018:17:51:17 +0000] "GET /__webpack_hmr HTTP/1.1" 404 - "http://localhost:3000/2" "Mozilla/5.0 (Macintosh; Intel Mac OS X 10_13_3) AppleWebKit/537.36 (KHTML, like Gecko) Chrome/68.0.3440.106 Safari/537.36"
::1 - - [22/Nov/2018:17:51:35 +0000] "GET /getCMSData?reqURL=/ HTTP/1.1" 404 - "-" "Mozilla/5.0 (Macintosh; Intel Mac OS X 10_13_3) AppleWebKit/537.36 (KHTML, like Gecko) Chrome/68.0.3440.106 Safari/537.36"
::1 - - [22/Nov/2018:17:51:36 +0000] "GET /__webpack_hmr HTTP/1.1" 404 - "http://localhost:3000/todos" "Mozilla/5.0 (Macintosh; Intel Mac OS X 10_13_3) AppleWebKit/537.36 (KHTML, like Gecko) Chrome/68.0.3440.106 Safari/537.36"
::1 - - [22/Nov/2018:17:51:37 +0000] "GET /__webpack_hmr HTTP/1.1" 404 - "http://localhost:3000/2" "Mozilla/5.0 (Macintosh; Intel Mac OS X 10_13_3) AppleWebKit/537.36 (KHTML, like Gecko) Chrome/68.0.3440.106 Safari/537.36"
::1 - - [22/Nov/2018:17:51:56 +0000] "GET /__webpack_hmr HTTP/1.1" 404 - "http://localhost:3000/todos" "Mozilla/5.0 (Macintosh; Intel Mac OS X 10_13_3) AppleWebKit/537.36 (KHTML, like Gecko) Chrome/68.0.3440.106 Safari/537.36"
::1 - - [22/Nov/2018:17:51:59 +0000] "GET /__webpack_hmr HTTP/1.1" 404 - "http://localhost:3000/2" "Mozilla/5.0 (Macintosh; Intel Mac OS X 10_13_3) AppleWebKit/537.36 (KHTML, like Gecko) Chrome/68.0.3440.106 Safari/537.36"
::1 - - [22/Nov/2018:17:52:15 +0000] "GET /getCMSData?reqURL=/ HTTP/1.1" 404 149 "-" "Mozilla/5.0 (Macintosh; Intel Mac OS X 10_13_3) AppleWebKit/537.36 (KHTML, like Gecko) Chrome/68.0.3440.106 Safari/537.36"
::1 - - [22/Nov/2018:17:52:17 +0000] "GET /__webpack_hmr HTTP/1.1" 404 - "http://localhost:3000/todos" "Mozilla/5.0 (Macintosh; Intel Mac OS X 10_13_3) AppleWebKit/537.36 (KHTML, like Gecko) Chrome/68.0.3440.106 Safari/537.36"
::1 - - [22/Nov/2018:17:52:19 +0000] "GET /__webpack_hmr HTTP/1.1" 404 - "http://localhost:3000/2" "Mozilla/5.0 (Macintosh; Intel Mac OS X 10_13_3) AppleWebKit/537.36 (KHTML, like Gecko) Chrome/68.0.3440.106 Safari/537.36"
::1 - - [22/Nov/2018:17:52:37 +0000] "GET /__webpack_hmr HTTP/1.1" 404 - "http://localhost:3000/todos" "Mozilla/5.0 (Macintosh; Intel Mac OS X 10_13_3) AppleWebKit/537.36 (KHTML, like Gecko) Chrome/68.0.3440.106 Safari/537.36"
::1 - - [22/Nov/2018:17:52:41 +0000] "GET /__webpack_hmr HTTP/1.1" 404 - "http://localhost:3000/2" "Mozilla/5.0 (Macintosh; Intel Mac OS X 10_13_3) AppleWebKit/537.36 (KHTML, like Gecko) Chrome/68.0.3440.106 Safari/537.36"
::1 - - [22/Nov/2018:17:52:58 +0000] "GET /__webpack_hmr HTTP/1.1" 404 - "http://localhost:3000/todos" "Mozilla/5.0 (Macintosh; Intel Mac OS X 10_13_3) AppleWebKit/537.36 (KHTML, like Gecko) Chrome/68.0.3440.106 Safari/537.36"
::1 - - [22/Nov/2018:17:53:08 +0000] "GET /__webpack_hmr HTTP/1.1" 404 - "http://localhost:3000/2" "Mozilla/5.0 (Macintosh; Intel Mac OS X 10_13_3) AppleWebKit/537.36 (KHTML, like Gecko) Chrome/68.0.3440.106 Safari/537.36"
::1 - - [22/Nov/2018:17:53:19 +0000] "GET /__webpack_hmr HTTP/1.1" 404 - "http://localhost:3000/todos" "Mozilla/5.0 (Macintosh; Intel Mac OS X 10_13_3) AppleWebKit/537.36 (KHTML, like Gecko) Chrome/68.0.3440.106 Safari/537.36"
::1 - - [22/Nov/2018:17:53:29 +0000] "GET /__webpack_hmr HTTP/1.1" 404 - "http://localhost:3000/2" "Mozilla/5.0 (Macintosh; Intel Mac OS X 10_13_3) AppleWebKit/537.36 (KHTML, like Gecko) Chrome/68.0.3440.106 Safari/537.36"
::1 - - [22/Nov/2018:17:53:39 +0000] "GET /__webpack_hmr HTTP/1.1" 404 - "http://localhost:3000/todos" "Mozilla/5.0 (Macintosh; Intel Mac OS X 10_13_3) AppleWebKit/537.36 (KHTML, like Gecko) Chrome/68.0.3440.106 Safari/537.36"
::1 - - [22/Nov/2018:17:53:52 +0000] "GET /__webpack_hmr HTTP/1.1" 404 - "http://localhost:3000/2" "Mozilla/5.0 (Macintosh; Intel Mac OS X 10_13_3) AppleWebKit/537.36 (KHTML, like Gecko) Chrome/68.0.3440.106 Safari/537.36"
::1 - - [22/Nov/2018:17:54:01 +0000] "GET /__webpack_hmr HTTP/1.1" 404 - "http://localhost:3000/todos" "Mozilla/5.0 (Macintosh; Intel Mac OS X 10_13_3) AppleWebKit/537.36 (KHTML, like Gecko) Chrome/68.0.3440.106 Safari/537.36"
::1 - - [22/Nov/2018:17:54:16 +0000] "GET /__webpack_hmr HTTP/1.1" 404 - "http://localhost:3000/2" "Mozilla/5.0 (Macintosh; Intel Mac OS X 10_13_3) AppleWebKit/537.36 (KHTML, like Gecko) Chrome/68.0.3440.106 Safari/537.36"
::1 - - [22/Nov/2018:17:54:22 +0000] "GET /__webpack_hmr HTTP/1.1" 404 - "http://localhost:3000/todos" "Mozilla/5.0 (Macintosh; Intel Mac OS X 10_13_3) AppleWebKit/537.36 (KHTML, like Gecko) Chrome/68.0.3440.106 Safari/537.36"
::1 - - [22/Nov/2018:17:54:38 +0000] "GET /__webpack_hmr HTTP/1.1" 404 - "http://localhost:3000/2" "Mozilla/5.0 (Macintosh; Intel Mac OS X 10_13_3) AppleWebKit/537.36 (KHTML, like Gecko) Chrome/68.0.3440.106 Safari/537.36"
::1 - - [22/Nov/2018:17:54:43 +0000] "GET /__webpack_hmr HTTP/1.1" 404 - "http://localhost:3000/todos" "Mozilla/5.0 (Macintosh; Intel Mac OS X 10_13_3) AppleWebKit/537.36 (KHTML, like Gecko) Chrome/68.0.3440.106 Safari/537.36"
::1 - - [22/Nov/2018:17:55:04 +0000] "GET /__webpack_hmr HTTP/1.1" 404 - "http://localhost:3000/todos" "Mozilla/5.0 (Macintosh; Intel Mac OS X 10_13_3) AppleWebKit/537.36 (KHTML, like Gecko) Chrome/68.0.3440.106 Safari/537.36"
::1 - - [22/Nov/2018:17:55:05 +0000] "GET /__webpack_hmr HTTP/1.1" 404 - "http://localhost:3000/2" "Mozilla/5.0 (Macintosh; Intel Mac OS X 10_13_3) AppleWebKit/537.36 (KHTML, like Gecko) Chrome/68.0.3440.106 Safari/537.36"
::1 - - [22/Nov/2018:17:55:25 +0000] "GET /__webpack_hmr HTTP/1.1" 404 - "http://localhost:3000/todos" "Mozilla/5.0 (Macintosh; Intel Mac OS X 10_13_3) AppleWebKit/537.36 (KHTML, like Gecko) Chrome/68.0.3440.106 Safari/537.36"
::1 - - [22/Nov/2018:17:55:35 +0000] "GET /__webpack_hmr HTTP/1.1" 404 - "http://localhost:3000/2" "Mozilla/5.0 (Macintosh; Intel Mac OS X 10_13_3) AppleWebKit/537.36 (KHTML, like Gecko) Chrome/68.0.3440.106 Safari/537.36"
::1 - - [22/Nov/2018:17:55:46 +0000] "GET /__webpack_hmr HTTP/1.1" 404 - "http://localhost:3000/todos" "Mozilla/5.0 (Macintosh; Intel Mac OS X 10_13_3) AppleWebKit/537.36 (KHTML, like Gecko) Chrome/68.0.3440.106 Safari/537.36"
::1 - - [22/Nov/2018:17:56:05 +0000] "GET /__webpack_hmr HTTP/1.1" 404 - "http://localhost:3000/2" "Mozilla/5.0 (Macintosh; Intel Mac OS X 10_13_3) AppleWebKit/537.36 (KHTML, like Gecko) Chrome/68.0.3440.106 Safari/537.36"
::1 - - [22/Nov/2018:17:56:06 +0000] "GET /__webpack_hmr HTTP/1.1" 404 - "http://localhost:3000/todos" "Mozilla/5.0 (Macintosh; Intel Mac OS X 10_13_3) AppleWebKit/537.36 (KHTML, like Gecko) Chrome/68.0.3440.106 Safari/537.36"
::1 - - [22/Nov/2018:17:56:25 +0000] "GET /__webpack_hmr HTTP/1.1" 404 - "http://localhost:3000/2" "Mozilla/5.0 (Macintosh; Intel Mac OS X 10_13_3) AppleWebKit/537.36 (KHTML, like Gecko) Chrome/68.0.3440.106 Safari/537.36"
::1 - - [22/Nov/2018:17:56:28 +0000] "GET /__webpack_hmr HTTP/1.1" 404 - "http://localhost:3000/todos" "Mozilla/5.0 (Macintosh; Intel Mac OS X 10_13_3) AppleWebKit/537.36 (KHTML, like Gecko) Chrome/68.0.3440.106 Safari/537.36"
::1 - - [22/Nov/2018:17:56:46 +0000] "GET /__webpack_hmr HTTP/1.1" 404 - "http://localhost:3000/2" "Mozilla/5.0 (Macintosh; Intel Mac OS X 10_13_3) AppleWebKit/537.36 (KHTML, like Gecko) Chrome/68.0.3440.106 Safari/537.36"
::1 - - [22/Nov/2018:17:56:49 +0000] "GET /__webpack_hmr HTTP/1.1" 404 - "http://localhost:3000/todos" "Mozilla/5.0 (Macintosh; Intel Mac OS X 10_13_3) AppleWebKit/537.36 (KHTML, like Gecko) Chrome/68.0.3440.106 Safari/537.36"
::1 - - [22/Nov/2018:17:57:08 +0000] "GET /__webpack_hmr HTTP/1.1" 404 - "http://localhost:3000/2" "Mozilla/5.0 (Macintosh; Intel Mac OS X 10_13_3) AppleWebKit/537.36 (KHTML, like Gecko) Chrome/68.0.3440.106 Safari/537.36"
::1 - - [22/Nov/2018:17:57:09 +0000] "GET /__webpack_hmr HTTP/1.1" 404 - "http://localhost:3000/todos" "Mozilla/5.0 (Macintosh; Intel Mac OS X 10_13_3) AppleWebKit/537.36 (KHTML, like Gecko) Chrome/68.0.3440.106 Safari/537.36"
::1 - - [22/Nov/2018:17:57:28 +0000] "GET /__webpack_hmr HTTP/1.1" 404 - "http://localhost:3000/2" "Mozilla/5.0 (Macintosh; Intel Mac OS X 10_13_3) AppleWebKit/537.36 (KHTML, like Gecko) Chrome/68.0.3440.106 Safari/537.36"
::1 - - [22/Nov/2018:17:57:30 +0000] "GET /__webpack_hmr HTTP/1.1" 404 - "http://localhost:3000/todos" "Mozilla/5.0 (Macintosh; Intel Mac OS X 10_13_3) AppleWebKit/537.36 (KHTML, like Gecko) Chrome/68.0.3440.106 Safari/537.36"
::1 - - [22/Nov/2018:17:57:51 +0000] "GET /__webpack_hmr HTTP/1.1" 404 - "http://localhost:3000/todos" "Mozilla/5.0 (Macintosh; Intel Mac OS X 10_13_3) AppleWebKit/537.36 (KHTML, like Gecko) Chrome/68.0.3440.106 Safari/537.36"
::1 - - [22/Nov/2018:17:57:57 +0000] "GET /__webpack_hmr HTTP/1.1" 404 - "http://localhost:3000/2" "Mozilla/5.0 (Macintosh; Intel Mac OS X 10_13_3) AppleWebKit/537.36 (KHTML, like Gecko) Chrome/68.0.3440.106 Safari/537.36"
::1 - - [22/Nov/2018:17:58:11 +0000] "GET /__webpack_hmr HTTP/1.1" 404 - "http://localhost:3000/todos" "Mozilla/5.0 (Macintosh; Intel Mac OS X 10_13_3) AppleWebKit/537.36 (KHTML, like Gecko) Chrome/68.0.3440.106 Safari/537.36"
::1 - - [22/Nov/2018:17:58:25 +0000] "GET /__webpack_hmr HTTP/1.1" 404 - "http://localhost:3000/2" "Mozilla/5.0 (Macintosh; Intel Mac OS X 10_13_3) AppleWebKit/537.36 (KHTML, like Gecko) Chrome/68.0.3440.106 Safari/537.36"
::1 - - [22/Nov/2018:17:58:32 +0000] "GET /__webpack_hmr HTTP/1.1" 404 - "http://localhost:3000/todos" "Mozilla/5.0 (Macintosh; Intel Mac OS X 10_13_3) AppleWebKit/537.36 (KHTML, like Gecko) Chrome/68.0.3440.106 Safari/537.36"
::1 - - [22/Nov/2018:17:58:53 +0000] "GET /__webpack_hmr HTTP/1.1" 404 - "http://localhost:3000/todos" "Mozilla/5.0 (Macintosh; Intel Mac OS X 10_13_3) AppleWebKit/537.36 (KHTML, like Gecko) Chrome/68.0.3440.106 Safari/537.36"
::1 - - [22/Nov/2018:17:58:54 +0000] "GET /__webpack_hmr HTTP/1.1" 404 - "http://localhost:3000/2" "Mozilla/5.0 (Macintosh; Intel Mac OS X 10_13_3) AppleWebKit/537.36 (KHTML, like Gecko) Chrome/68.0.3440.106 Safari/537.36"
::1 - - [22/Nov/2018:17:59:13 +0000] "GET /__webpack_hmr HTTP/1.1" 404 - "http://localhost:3000/todos" "Mozilla/5.0 (Macintosh; Intel Mac OS X 10_13_3) AppleWebKit/537.36 (KHTML, like Gecko) Chrome/68.0.3440.106 Safari/537.36"
::1 - - [22/Nov/2018:17:59:22 +0000] "GET /__webpack_hmr HTTP/1.1" 404 - "http://localhost:3000/2" "Mozilla/5.0 (Macintosh; Intel Mac OS X 10_13_3) AppleWebKit/537.36 (KHTML, like Gecko) Chrome/68.0.3440.106 Safari/537.36"
::1 - - [22/Nov/2018:17:59:33 +0000] "GET /__webpack_hmr HTTP/1.1" 404 - "http://localhost:3000/todos" "Mozilla/5.0 (Macintosh; Intel Mac OS X 10_13_3) AppleWebKit/537.36 (KHTML, like Gecko) Chrome/68.0.3440.106 Safari/537.36"
::1 - - [22/Nov/2018:17:59:49 +0000] "GET /__webpack_hmr HTTP/1.1" 404 - "http://localhost:3000/2" "Mozilla/5.0 (Macintosh; Intel Mac OS X 10_13_3) AppleWebKit/537.36 (KHTML, like Gecko) Chrome/68.0.3440.106 Safari/537.36"
::1 - - [22/Nov/2018:17:59:54 +0000] "GET /__webpack_hmr HTTP/1.1" 404 - "http://localhost:3000/todos" "Mozilla/5.0 (Macintosh; Intel Mac OS X 10_13_3) AppleWebKit/537.36 (KHTML, like Gecko) Chrome/68.0.3440.106 Safari/537.36"
::1 - - [22/Nov/2018:18:00:12 +0000] "GET /__webpack_hmr HTTP/1.1" 404 - "http://localhost:3000/2" "Mozilla/5.0 (Macintosh; Intel Mac OS X 10_13_3) AppleWebKit/537.36 (KHTML, like Gecko) Chrome/68.0.3440.106 Safari/537.36"
::1 - - [22/Nov/2018:18:00:15 +0000] "GET /__webpack_hmr HTTP/1.1" 404 - "http://localhost:3000/todos" "Mozilla/5.0 (Macintosh; Intel Mac OS X 10_13_3) AppleWebKit/537.36 (KHTML, like Gecko) Chrome/68.0.3440.106 Safari/537.36"
::1 - - [22/Nov/2018:18:00:36 +0000] "GET /__webpack_hmr HTTP/1.1" 404 - "http://localhost:3000/todos" "Mozilla/5.0 (Macintosh; Intel Mac OS X 10_13_3) AppleWebKit/537.36 (KHTML, like Gecko) Chrome/68.0.3440.106 Safari/537.36"
::1 - - [22/Nov/2018:18:00:38 +0000] "GET /__webpack_hmr HTTP/1.1" 404 - "http://localhost:3000/2" "Mozilla/5.0 (Macintosh; Intel Mac OS X 10_13_3) AppleWebKit/537.36 (KHTML, like Gecko) Chrome/68.0.3440.106 Safari/537.36"
::1 - - [22/Nov/2018:18:00:57 +0000] "GET /__webpack_hmr HTTP/1.1" 404 - "http://localhost:3000/todos" "Mozilla/5.0 (Macintosh; Intel Mac OS X 10_13_3) AppleWebKit/537.36 (KHTML, like Gecko) Chrome/68.0.3440.106 Safari/537.36"
::1 - - [22/Nov/2018:18:01:07 +0000] "GET /__webpack_hmr HTTP/1.1" 404 - "http://localhost:3000/2" "Mozilla/5.0 (Macintosh; Intel Mac OS X 10_13_3) AppleWebKit/537.36 (KHTML, like Gecko) Chrome/68.0.3440.106 Safari/537.36"
::1 - - [22/Nov/2018:18:01:18 +0000] "GET /__webpack_hmr HTTP/1.1" 404 - "http://localhost:3000/todos" "Mozilla/5.0 (Macintosh; Intel Mac OS X 10_13_3) AppleWebKit/537.36 (KHTML, like Gecko) Chrome/68.0.3440.106 Safari/537.36"
::1 - - [22/Nov/2018:18:01:28 +0000] "GET /__webpack_hmr HTTP/1.1" 404 - "http://localhost:3000/2" "Mozilla/5.0 (Macintosh; Intel Mac OS X 10_13_3) AppleWebKit/537.36 (KHTML, like Gecko) Chrome/68.0.3440.106 Safari/537.36"
::1 - - [22/Nov/2018:18:01:38 +0000] "GET /__webpack_hmr HTTP/1.1" 404 - "http://localhost:3000/todos" "Mozilla/5.0 (Macintosh; Intel Mac OS X 10_13_3) AppleWebKit/537.36 (KHTML, like Gecko) Chrome/68.0.3440.106 Safari/537.36"
::1 - - [22/Nov/2018:18:01:48 +0000] "GET /__webpack_hmr HTTP/1.1" 404 - "http://localhost:3000/2" "Mozilla/5.0 (Macintosh; Intel Mac OS X 10_13_3) AppleWebKit/537.36 (KHTML, like Gecko) Chrome/68.0.3440.106 Safari/537.36"
::1 - - [22/Nov/2018:18:01:59 +0000] "GET /__webpack_hmr HTTP/1.1" 404 - "http://localhost:3000/todos" "Mozilla/5.0 (Macintosh; Intel Mac OS X 10_13_3) AppleWebKit/537.36 (KHTML, like Gecko) Chrome/68.0.3440.106 Safari/537.36"
::1 - - [22/Nov/2018:18:02:18 +0000] "GET /__webpack_hmr HTTP/1.1" 404 - "http://localhost:3000/2" "Mozilla/5.0 (Macintosh; Intel Mac OS X 10_13_3) AppleWebKit/537.36 (KHTML, like Gecko) Chrome/68.0.3440.106 Safari/537.36"
::1 - - [22/Nov/2018:18:02:20 +0000] "GET /__webpack_hmr HTTP/1.1" 404 - "http://localhost:3000/todos" "Mozilla/5.0 (Macintosh; Intel Mac OS X 10_13_3) AppleWebKit/537.36 (KHTML, like Gecko) Chrome/68.0.3440.106 Safari/537.36"
::1 - - [22/Nov/2018:18:02:38 +0000] "GET /__webpack_hmr HTTP/1.1" 404 - "http://localhost:3000/2" "Mozilla/5.0 (Macintosh; Intel Mac OS X 10_13_3) AppleWebKit/537.36 (KHTML, like Gecko) Chrome/68.0.3440.106 Safari/537.36"
::1 - - [22/Nov/2018:18:02:41 +0000] "GET /__webpack_hmr HTTP/1.1" 404 - "http://localhost:3000/todos" "Mozilla/5.0 (Macintosh; Intel Mac OS X 10_13_3) AppleWebKit/537.36 (KHTML, like Gecko) Chrome/68.0.3440.106 Safari/537.36"
::1 - - [22/Nov/2018:18:03:02 +0000] "GET /__webpack_hmr HTTP/1.1" 404 - "http://localhost:3000/todos" "Mozilla/5.0 (Macintosh; Intel Mac OS X 10_13_3) AppleWebKit/537.36 (KHTML, like Gecko) Chrome/68.0.3440.106 Safari/537.36"
::1 - - [22/Nov/2018:18:03:08 +0000] "GET /__webpack_hmr HTTP/1.1" 404 - "http://localhost:3000/2" "Mozilla/5.0 (Macintosh; Intel Mac OS X 10_13_3) AppleWebKit/537.36 (KHTML, like Gecko) Chrome/68.0.3440.106 Safari/537.36"
::1 - - [22/Nov/2018:18:03:23 +0000] "GET /__webpack_hmr HTTP/1.1" 404 - "http://localhost:3000/todos" "Mozilla/5.0 (Macintosh; Intel Mac OS X 10_13_3) AppleWebKit/537.36 (KHTML, like Gecko) Chrome/68.0.3440.106 Safari/537.36"
::1 - - [22/Nov/2018:18:03:37 +0000] "GET /__webpack_hmr HTTP/1.1" 404 - "http://localhost:3000/2" "Mozilla/5.0 (Macintosh; Intel Mac OS X 10_13_3) AppleWebKit/537.36 (KHTML, like Gecko) Chrome/68.0.3440.106 Safari/537.36"
::1 - - [22/Nov/2018:18:03:44 +0000] "GET /__webpack_hmr HTTP/1.1" 404 - "http://localhost:3000/todos" "Mozilla/5.0 (Macintosh; Intel Mac OS X 10_13_3) AppleWebKit/537.36 (KHTML, like Gecko) Chrome/68.0.3440.106 Safari/537.36"
::1 - - [22/Nov/2018:18:04:04 +0000] "GET /__webpack_hmr HTTP/1.1" 404 - "http://localhost:3000/2" "Mozilla/5.0 (Macintosh; Intel Mac OS X 10_13_3) AppleWebKit/537.36 (KHTML, like Gecko) Chrome/68.0.3440.106 Safari/537.36"
::1 - - [22/Nov/2018:18:04:05 +0000] "GET /__webpack_hmr HTTP/1.1" 404 - "http://localhost:3000/todos" "Mozilla/5.0 (Macintosh; Intel Mac OS X 10_13_3) AppleWebKit/537.36 (KHTML, like Gecko) Chrome/68.0.3440.106 Safari/537.36"
::1 - - [22/Nov/2018:18:04:24 +0000] "GET /__webpack_hmr HTTP/1.1" 404 - "http://localhost:3000/2" "Mozilla/5.0 (Macintosh; Intel Mac OS X 10_13_3) AppleWebKit/537.36 (KHTML, like Gecko) Chrome/68.0.3440.106 Safari/537.36"
::1 - - [22/Nov/2018:18:04:26 +0000] "GET /__webpack_hmr HTTP/1.1" 404 - "http://localhost:3000/todos" "Mozilla/5.0 (Macintosh; Intel Mac OS X 10_13_3) AppleWebKit/537.36 (KHTML, like Gecko) Chrome/68.0.3440.106 Safari/537.36"
::1 - - [22/Nov/2018:18:04:47 +0000] "GET /__webpack_hmr HTTP/1.1" 404 - "http://localhost:3000/todos" "Mozilla/5.0 (Macintosh; Intel Mac OS X 10_13_3) AppleWebKit/537.36 (KHTML, like Gecko) Chrome/68.0.3440.106 Safari/537.36"
::1 - - [22/Nov/2018:18:04:54 +0000] "GET /__webpack_hmr HTTP/1.1" 404 - "http://localhost:3000/2" "Mozilla/5.0 (Macintosh; Intel Mac OS X 10_13_3) AppleWebKit/537.36 (KHTML, like Gecko) Chrome/68.0.3440.106 Safari/537.36"
::1 - - [22/Nov/2018:18:05:08 +0000] "GET /__webpack_hmr HTTP/1.1" 404 - "http://localhost:3000/todos" "Mozilla/5.0 (Macintosh; Intel Mac OS X 10_13_3) AppleWebKit/537.36 (KHTML, like Gecko) Chrome/68.0.3440.106 Safari/537.36"
::1 - - [22/Nov/2018:18:05:19 +0000] "GET /__webpack_hmr HTTP/1.1" 404 - "http://localhost:3000/2" "Mozilla/5.0 (Macintosh; Intel Mac OS X 10_13_3) AppleWebKit/537.36 (KHTML, like Gecko) Chrome/68.0.3440.106 Safari/537.36"
::1 - - [22/Nov/2018:18:05:29 +0000] "GET /__webpack_hmr HTTP/1.1" 404 - "http://localhost:3000/todos" "Mozilla/5.0 (Macintosh; Intel Mac OS X 10_13_3) AppleWebKit/537.36 (KHTML, like Gecko) Chrome/68.0.3440.106 Safari/537.36"
::1 - - [22/Nov/2018:18:05:48 +0000] "GET /__webpack_hmr HTTP/1.1" 404 - "http://localhost:3000/2" "Mozilla/5.0 (Macintosh; Intel Mac OS X 10_13_3) AppleWebKit/537.36 (KHTML, like Gecko) Chrome/68.0.3440.106 Safari/537.36"
::1 - - [22/Nov/2018:18:05:50 +0000] "GET /__webpack_hmr HTTP/1.1" 404 - "http://localhost:3000/todos" "Mozilla/5.0 (Macintosh; Intel Mac OS X 10_13_3) AppleWebKit/537.36 (KHTML, like Gecko) Chrome/68.0.3440.106 Safari/537.36"
::1 - - [22/Nov/2018:18:06:11 +0000] "GET /__webpack_hmr HTTP/1.1" 404 - "http://localhost:3000/todos" "Mozilla/5.0 (Macintosh; Intel Mac OS X 10_13_3) AppleWebKit/537.36 (KHTML, like Gecko) Chrome/68.0.3440.106 Safari/537.36"
::1 - - [22/Nov/2018:18:06:17 +0000] "GET /__webpack_hmr HTTP/1.1" 404 - "http://localhost:3000/2" "Mozilla/5.0 (Macintosh; Intel Mac OS X 10_13_3) AppleWebKit/537.36 (KHTML, like Gecko) Chrome/68.0.3440.106 Safari/537.36"
::1 - - [22/Nov/2018:18:06:32 +0000] "GET /__webpack_hmr HTTP/1.1" 404 - "http://localhost:3000/todos" "Mozilla/5.0 (Macintosh; Intel Mac OS X 10_13_3) AppleWebKit/537.36 (KHTML, like Gecko) Chrome/68.0.3440.106 Safari/537.36"
::1 - - [22/Nov/2018:18:06:45 +0000] "GET /__webpack_hmr HTTP/1.1" 404 - "http://localhost:3000/2" "Mozilla/5.0 (Macintosh; Intel Mac OS X 10_13_3) AppleWebKit/537.36 (KHTML, like Gecko) Chrome/68.0.3440.106 Safari/537.36"
::1 - - [22/Nov/2018:18:06:53 +0000] "GET /__webpack_hmr HTTP/1.1" 404 - "http://localhost:3000/todos" "Mozilla/5.0 (Macintosh; Intel Mac OS X 10_13_3) AppleWebKit/537.36 (KHTML, like Gecko) Chrome/68.0.3440.106 Safari/537.36"
::1 - - [22/Nov/2018:18:07:14 +0000] "GET /__webpack_hmr HTTP/1.1" 404 - "http://localhost:3000/todos" "Mozilla/5.0 (Macintosh; Intel Mac OS X 10_13_3) AppleWebKit/537.36 (KHTML, like Gecko) Chrome/68.0.3440.106 Safari/537.36"
::1 - - [22/Nov/2018:18:07:15 +0000] "GET /__webpack_hmr HTTP/1.1" 404 - "http://localhost:3000/2" "Mozilla/5.0 (Macintosh; Intel Mac OS X 10_13_3) AppleWebKit/537.36 (KHTML, like Gecko) Chrome/68.0.3440.106 Safari/537.36"
::1 - - [22/Nov/2018:18:07:35 +0000] "GET /__webpack_hmr HTTP/1.1" 404 - "http://localhost:3000/todos" "Mozilla/5.0 (Macintosh; Intel Mac OS X 10_13_3) AppleWebKit/537.36 (KHTML, like Gecko) Chrome/68.0.3440.106 Safari/537.36"
::1 - - [22/Nov/2018:18:07:36 +0000] "GET /__webpack_hmr HTTP/1.1" 404 - "http://localhost:3000/2" "Mozilla/5.0 (Macintosh; Intel Mac OS X 10_13_3) AppleWebKit/537.36 (KHTML, like Gecko) Chrome/68.0.3440.106 Safari/537.36"
::1 - - [22/Nov/2018:18:07:56 +0000] "GET /__webpack_hmr HTTP/1.1" 404 - "http://localhost:3000/todos" "Mozilla/5.0 (Macintosh; Intel Mac OS X 10_13_3) AppleWebKit/537.36 (KHTML, like Gecko) Chrome/68.0.3440.106 Safari/537.36"
::1 - - [22/Nov/2018:18:08:05 +0000] "GET /__webpack_hmr HTTP/1.1" 404 - "http://localhost:3000/2" "Mozilla/5.0 (Macintosh; Intel Mac OS X 10_13_3) AppleWebKit/537.36 (KHTML, like Gecko) Chrome/68.0.3440.106 Safari/537.36"
::1 - - [22/Nov/2018:18:08:17 +0000] "GET /__webpack_hmr HTTP/1.1" 404 - "http://localhost:3000/todos" "Mozilla/5.0 (Macintosh; Intel Mac OS X 10_13_3) AppleWebKit/537.36 (KHTML, like Gecko) Chrome/68.0.3440.106 Safari/537.36"
::1 - - [22/Nov/2018:18:08:27 +0000] "GET /__webpack_hmr HTTP/1.1" 404 - "http://localhost:3000/2" "Mozilla/5.0 (Macintosh; Intel Mac OS X 10_13_3) AppleWebKit/537.36 (KHTML, like Gecko) Chrome/68.0.3440.106 Safari/537.36"
::1 - - [22/Nov/2018:18:08:37 +0000] "GET /__webpack_hmr HTTP/1.1" 404 - "http://localhost:3000/todos" "Mozilla/5.0 (Macintosh; Intel Mac OS X 10_13_3) AppleWebKit/537.36 (KHTML, like Gecko) Chrome/68.0.3440.106 Safari/537.36"
::1 - - [22/Nov/2018:18:08:47 +0000] "GET /__webpack_hmr HTTP/1.1" 404 - "http://localhost:3000/2" "Mozilla/5.0 (Macintosh; Intel Mac OS X 10_13_3) AppleWebKit/537.36 (KHTML, like Gecko) Chrome/68.0.3440.106 Safari/537.36"
::1 - - [22/Nov/2018:18:08:58 +0000] "GET /__webpack_hmr HTTP/1.1" 404 - "http://localhost:3000/todos" "Mozilla/5.0 (Macintosh; Intel Mac OS X 10_13_3) AppleWebKit/537.36 (KHTML, like Gecko) Chrome/68.0.3440.106 Safari/537.36"
::1 - - [22/Nov/2018:18:09:17 +0000] "GET /__webpack_hmr HTTP/1.1" 404 - "http://localhost:3000/2" "Mozilla/5.0 (Macintosh; Intel Mac OS X 10_13_3) AppleWebKit/537.36 (KHTML, like Gecko) Chrome/68.0.3440.106 Safari/537.36"
::1 - - [22/Nov/2018:18:09:19 +0000] "GET /__webpack_hmr HTTP/1.1" 404 - "http://localhost:3000/todos" "Mozilla/5.0 (Macintosh; Intel Mac OS X 10_13_3) AppleWebKit/537.36 (KHTML, like Gecko) Chrome/68.0.3440.106 Safari/537.36"
::1 - - [22/Nov/2018:18:09:40 +0000] "GET /__webpack_hmr HTTP/1.1" 404 - "http://localhost:3000/todos" "Mozilla/5.0 (Macintosh; Intel Mac OS X 10_13_3) AppleWebKit/537.36 (KHTML, like Gecko) Chrome/68.0.3440.106 Safari/537.36"
::1 - - [22/Nov/2018:18:09:46 +0000] "GET /__webpack_hmr HTTP/1.1" 404 - "http://localhost:3000/2" "Mozilla/5.0 (Macintosh; Intel Mac OS X 10_13_3) AppleWebKit/537.36 (KHTML, like Gecko) Chrome/68.0.3440.106 Safari/537.36"
::1 - - [22/Nov/2018:18:10:01 +0000] "GET /__webpack_hmr HTTP/1.1" 404 - "http://localhost:3000/todos" "Mozilla/5.0 (Macintosh; Intel Mac OS X 10_13_3) AppleWebKit/537.36 (KHTML, like Gecko) Chrome/68.0.3440.106 Safari/537.36"
::1 - - [22/Nov/2018:18:10:07 +0000] "GET /__webpack_hmr HTTP/1.1" 404 - "http://localhost:3000/2" "Mozilla/5.0 (Macintosh; Intel Mac OS X 10_13_3) AppleWebKit/537.36 (KHTML, like Gecko) Chrome/68.0.3440.106 Safari/537.36"
::1 - - [22/Nov/2018:18:10:21 +0000] "GET /__webpack_hmr HTTP/1.1" 404 - "http://localhost:3000/todos" "Mozilla/5.0 (Macintosh; Intel Mac OS X 10_13_3) AppleWebKit/537.36 (KHTML, like Gecko) Chrome/68.0.3440.106 Safari/537.36"
::1 - - [22/Nov/2018:18:10:31 +0000] "GET /__webpack_hmr HTTP/1.1" 404 - "http://localhost:3000/2" "Mozilla/5.0 (Macintosh; Intel Mac OS X 10_13_3) AppleWebKit/537.36 (KHTML, like Gecko) Chrome/68.0.3440.106 Safari/537.36"
::1 - - [22/Nov/2018:18:10:42 +0000] "GET /__webpack_hmr HTTP/1.1" 404 - "http://localhost:3000/todos" "Mozilla/5.0 (Macintosh; Intel Mac OS X 10_13_3) AppleWebKit/537.36 (KHTML, like Gecko) Chrome/68.0.3440.106 Safari/537.36"
::1 - - [22/Nov/2018:18:10:51 +0000] "GET /__webpack_hmr HTTP/1.1" 404 - "http://localhost:3000/2" "Mozilla/5.0 (Macintosh; Intel Mac OS X 10_13_3) AppleWebKit/537.36 (KHTML, like Gecko) Chrome/68.0.3440.106 Safari/537.36"
::1 - - [22/Nov/2018:18:11:03 +0000] "GET /__webpack_hmr HTTP/1.1" 404 - "http://localhost:3000/todos" "Mozilla/5.0 (Macintosh; Intel Mac OS X 10_13_3) AppleWebKit/537.36 (KHTML, like Gecko) Chrome/68.0.3440.106 Safari/537.36"
::1 - - [22/Nov/2018:18:11:20 +0000] "GET /__webpack_hmr HTTP/1.1" 404 - "http://localhost:3000/2" "Mozilla/5.0 (Macintosh; Intel Mac OS X 10_13_3) AppleWebKit/537.36 (KHTML, like Gecko) Chrome/68.0.3440.106 Safari/537.36"
::1 - - [22/Nov/2018:18:11:24 +0000] "GET /__webpack_hmr HTTP/1.1" 404 - "http://localhost:3000/todos" "Mozilla/5.0 (Macintosh; Intel Mac OS X 10_13_3) AppleWebKit/537.36 (KHTML, like Gecko) Chrome/68.0.3440.106 Safari/537.36"
::1 - - [22/Nov/2018:18:11:45 +0000] "GET /__webpack_hmr HTTP/1.1" 404 - "http://localhost:3000/todos" "Mozilla/5.0 (Macintosh; Intel Mac OS X 10_13_3) AppleWebKit/537.36 (KHTML, like Gecko) Chrome/68.0.3440.106 Safari/537.36"
::1 - - [22/Nov/2018:18:11:50 +0000] "GET /__webpack_hmr HTTP/1.1" 404 - "http://localhost:3000/2" "Mozilla/5.0 (Macintosh; Intel Mac OS X 10_13_3) AppleWebKit/537.36 (KHTML, like Gecko) Chrome/68.0.3440.106 Safari/537.36"
::1 - - [22/Nov/2018:18:12:06 +0000] "GET /__webpack_hmr HTTP/1.1" 404 - "http://localhost:3000/todos" "Mozilla/5.0 (Macintosh; Intel Mac OS X 10_13_3) AppleWebKit/537.36 (KHTML, like Gecko) Chrome/68.0.3440.106 Safari/537.36"
::1 - - [22/Nov/2018:18:12:20 +0000] "GET /__webpack_hmr HTTP/1.1" 404 - "http://localhost:3000/2" "Mozilla/5.0 (Macintosh; Intel Mac OS X 10_13_3) AppleWebKit/537.36 (KHTML, like Gecko) Chrome/68.0.3440.106 Safari/537.36"
::1 - - [22/Nov/2018:18:12:26 +0000] "GET /__webpack_hmr HTTP/1.1" 404 - "http://localhost:3000/todos" "Mozilla/5.0 (Macintosh; Intel Mac OS X 10_13_3) AppleWebKit/537.36 (KHTML, like Gecko) Chrome/68.0.3440.106 Safari/537.36"
::1 - - [22/Nov/2018:18:12:46 +0000] "GET /__webpack_hmr HTTP/1.1" 404 - "http://localhost:3000/2" "Mozilla/5.0 (Macintosh; Intel Mac OS X 10_13_3) AppleWebKit/537.36 (KHTML, like Gecko) Chrome/68.0.3440.106 Safari/537.36"
::1 - - [22/Nov/2018:18:12:47 +0000] "GET /__webpack_hmr HTTP/1.1" 404 - "http://localhost:3000/todos" "Mozilla/5.0 (Macintosh; Intel Mac OS X 10_13_3) AppleWebKit/537.36 (KHTML, like Gecko) Chrome/68.0.3440.106 Safari/537.36"
::1 - - [22/Nov/2018:18:13:08 +0000] "GET /__webpack_hmr HTTP/1.1" 404 - "http://localhost:3000/2" "Mozilla/5.0 (Macintosh; Intel Mac OS X 10_13_3) AppleWebKit/537.36 (KHTML, like Gecko) Chrome/68.0.3440.106 Safari/537.36"
::1 - - [22/Nov/2018:18:13:08 +0000] "GET /__webpack_hmr HTTP/1.1" 404 - "http://localhost:3000/todos" "Mozilla/5.0 (Macintosh; Intel Mac OS X 10_13_3) AppleWebKit/537.36 (KHTML, like Gecko) Chrome/68.0.3440.106 Safari/537.36"
::1 - - [22/Nov/2018:18:13:28 +0000] "GET /__webpack_hmr HTTP/1.1" 404 - "http://localhost:3000/2" "Mozilla/5.0 (Macintosh; Intel Mac OS X 10_13_3) AppleWebKit/537.36 (KHTML, like Gecko) Chrome/68.0.3440.106 Safari/537.36"
::1 - - [22/Nov/2018:18:13:28 +0000] "GET /__webpack_hmr HTTP/1.1" 404 - "http://localhost:3000/todos" "Mozilla/5.0 (Macintosh; Intel Mac OS X 10_13_3) AppleWebKit/537.36 (KHTML, like Gecko) Chrome/68.0.3440.106 Safari/537.36"
::1 - - [22/Nov/2018:18:13:49 +0000] "GET /__webpack_hmr HTTP/1.1" 404 - "http://localhost:3000/todos" "Mozilla/5.0 (Macintosh; Intel Mac OS X 10_13_3) AppleWebKit/537.36 (KHTML, like Gecko) Chrome/68.0.3440.106 Safari/537.36"
::1 - - [22/Nov/2018:18:13:54 +0000] "GET /__webpack_hmr HTTP/1.1" 404 - "http://localhost:3000/2" "Mozilla/5.0 (Macintosh; Intel Mac OS X 10_13_3) AppleWebKit/537.36 (KHTML, like Gecko) Chrome/68.0.3440.106 Safari/537.36"
::1 - - [22/Nov/2018:18:14:09 +0000] "GET /__webpack_hmr HTTP/1.1" 404 - "http://localhost:3000/todos" "Mozilla/5.0 (Macintosh; Intel Mac OS X 10_13_3) AppleWebKit/537.36 (KHTML, like Gecko) Chrome/68.0.3440.106 Safari/537.36"
::1 - - [22/Nov/2018:18:14:24 +0000] "GET /__webpack_hmr HTTP/1.1" 404 - "http://localhost:3000/2" "Mozilla/5.0 (Macintosh; Intel Mac OS X 10_13_3) AppleWebKit/537.36 (KHTML, like Gecko) Chrome/68.0.3440.106 Safari/537.36"
::1 - - [22/Nov/2018:18:14:30 +0000] "GET /__webpack_hmr HTTP/1.1" 404 - "http://localhost:3000/todos" "Mozilla/5.0 (Macintosh; Intel Mac OS X 10_13_3) AppleWebKit/537.36 (KHTML, like Gecko) Chrome/68.0.3440.106 Safari/537.36"
::1 - - [22/Nov/2018:18:14:45 +0000] "GET /__webpack_hmr HTTP/1.1" 404 - "http://localhost:3000/2" "Mozilla/5.0 (Macintosh; Intel Mac OS X 10_13_3) AppleWebKit/537.36 (KHTML, like Gecko) Chrome/68.0.3440.106 Safari/537.36"
::1 - - [22/Nov/2018:18:14:50 +0000] "GET /__webpack_hmr HTTP/1.1" 404 - "http://localhost:3000/todos" "Mozilla/5.0 (Macintosh; Intel Mac OS X 10_13_3) AppleWebKit/537.36 (KHTML, like Gecko) Chrome/68.0.3440.106 Safari/537.36"
::1 - - [22/Nov/2018:18:18:57 +0000] "GET /__webpack_hmr HTTP/1.1" 404 - "http://localhost:3000/2" "Mozilla/5.0 (Macintosh; Intel Mac OS X 10_13_3) AppleWebKit/537.36 (KHTML, like Gecko) Chrome/68.0.3440.106 Safari/537.36"
::1 - - [22/Nov/2018:18:19:01 +0000] "GET /__webpack_hmr HTTP/1.1" 404 - "http://localhost:3000/todos" "Mozilla/5.0 (Macintosh; Intel Mac OS X 10_13_3) AppleWebKit/537.36 (KHTML, like Gecko) Chrome/68.0.3440.106 Safari/537.36"
::1 - - [22/Nov/2018:18:19:19 +0000] "GET /__webpack_hmr HTTP/1.1" 404 - "http://localhost:3000/2" "Mozilla/5.0 (Macintosh; Intel Mac OS X 10_13_3) AppleWebKit/537.36 (KHTML, like Gecko) Chrome/68.0.3440.106 Safari/537.36"
::1 - - [22/Nov/2018:18:19:22 +0000] "GET /__webpack_hmr HTTP/1.1" 404 - "http://localhost:3000/todos" "Mozilla/5.0 (Macintosh; Intel Mac OS X 10_13_3) AppleWebKit/537.36 (KHTML, like Gecko) Chrome/68.0.3440.106 Safari/537.36"
::1 - - [22/Nov/2018:18:19:42 +0000] "GET /__webpack_hmr HTTP/1.1" 404 - "http://localhost:3000/todos" "Mozilla/5.0 (Macintosh; Intel Mac OS X 10_13_3) AppleWebKit/537.36 (KHTML, like Gecko) Chrome/68.0.3440.106 Safari/537.36"
::1 - - [22/Nov/2018:18:19:49 +0000] "GET /__webpack_hmr HTTP/1.1" 404 - "http://localhost:3000/2" "Mozilla/5.0 (Macintosh; Intel Mac OS X 10_13_3) AppleWebKit/537.36 (KHTML, like Gecko) Chrome/68.0.3440.106 Safari/537.36"
::1 - - [22/Nov/2018:18:33:46 +0000] "GET /__webpack_hmr HTTP/1.1" 404 - "http://localhost:3000/todos" "Mozilla/5.0 (Macintosh; Intel Mac OS X 10_13_3) AppleWebKit/537.36 (KHTML, like Gecko) Chrome/68.0.3440.106 Safari/537.36"
::1 - - [22/Nov/2018:18:33:53 +0000] "GET /__webpack_hmr HTTP/1.1" 404 - "http://localhost:3000/2" "Mozilla/5.0 (Macintosh; Intel Mac OS X 10_13_3) AppleWebKit/537.36 (KHTML, like Gecko) Chrome/68.0.3440.106 Safari/537.36"
::1 - - [22/Nov/2018:18:34:07 +0000] "GET /__webpack_hmr HTTP/1.1" 404 - "http://localhost:3000/todos" "Mozilla/5.0 (Macintosh; Intel Mac OS X 10_13_3) AppleWebKit/537.36 (KHTML, like Gecko) Chrome/68.0.3440.106 Safari/537.36"
::1 - - [22/Nov/2018:18:34:14 +0000] "GET /__webpack_hmr HTTP/1.1" 404 - "http://localhost:3000/2" "Mozilla/5.0 (Macintosh; Intel Mac OS X 10_13_3) AppleWebKit/537.36 (KHTML, like Gecko) Chrome/68.0.3440.106 Safari/537.36"
::1 - - [22/Nov/2018:18:34:28 +0000] "GET /__webpack_hmr HTTP/1.1" 404 - "http://localhost:3000/todos" "Mozilla/5.0 (Macintosh; Intel Mac OS X 10_13_3) AppleWebKit/537.36 (KHTML, like Gecko) Chrome/68.0.3440.106 Safari/537.36"
::1 - - [22/Nov/2018:18:34:37 +0000] "GET /__webpack_hmr HTTP/1.1" 404 - "http://localhost:3000/2" "Mozilla/5.0 (Macintosh; Intel Mac OS X 10_13_3) AppleWebKit/537.36 (KHTML, like Gecko) Chrome/68.0.3440.106 Safari/537.36"
::1 - - [22/Nov/2018:18:34:49 +0000] "GET /__webpack_hmr HTTP/1.1" 404 - "http://localhost:3000/todos" "Mozilla/5.0 (Macintosh; Intel Mac OS X 10_13_3) AppleWebKit/537.36 (KHTML, like Gecko) Chrome/68.0.3440.106 Safari/537.36"
::1 - - [22/Nov/2018:18:35:01 +0000] "GET /__webpack_hmr HTTP/1.1" 404 - "http://localhost:3000/2" "Mozilla/5.0 (Macintosh; Intel Mac OS X 10_13_3) AppleWebKit/537.36 (KHTML, like Gecko) Chrome/68.0.3440.106 Safari/537.36"
::1 - - [22/Nov/2018:18:35:10 +0000] "GET /__webpack_hmr HTTP/1.1" 404 - "http://localhost:3000/todos" "Mozilla/5.0 (Macintosh; Intel Mac OS X 10_13_3) AppleWebKit/537.36 (KHTML, like Gecko) Chrome/68.0.3440.106 Safari/537.36"
::1 - - [22/Nov/2018:18:35:22 +0000] "GET /__webpack_hmr HTTP/1.1" 404 - "http://localhost:3000/2" "Mozilla/5.0 (Macintosh; Intel Mac OS X 10_13_3) AppleWebKit/537.36 (KHTML, like Gecko) Chrome/68.0.3440.106 Safari/537.36"
::1 - - [22/Nov/2018:18:35:31 +0000] "GET /__webpack_hmr HTTP/1.1" 404 - "http://localhost:3000/todos" "Mozilla/5.0 (Macintosh; Intel Mac OS X 10_13_3) AppleWebKit/537.36 (KHTML, like Gecko) Chrome/68.0.3440.106 Safari/537.36"
::1 - - [22/Nov/2018:18:35:43 +0000] "GET /__webpack_hmr HTTP/1.1" 404 - "http://localhost:3000/2" "Mozilla/5.0 (Macintosh; Intel Mac OS X 10_13_3) AppleWebKit/537.36 (KHTML, like Gecko) Chrome/68.0.3440.106 Safari/537.36"
::1 - - [22/Nov/2018:18:35:52 +0000] "GET /__webpack_hmr HTTP/1.1" 404 - "http://localhost:3000/todos" "Mozilla/5.0 (Macintosh; Intel Mac OS X 10_13_3) AppleWebKit/537.36 (KHTML, like Gecko) Chrome/68.0.3440.106 Safari/537.36"
::1 - - [22/Nov/2018:18:36:10 +0000] "GET /__webpack_hmr HTTP/1.1" 404 - "http://localhost:3000/2" "Mozilla/5.0 (Macintosh; Intel Mac OS X 10_13_3) AppleWebKit/537.36 (KHTML, like Gecko) Chrome/68.0.3440.106 Safari/537.36"
::1 - - [22/Nov/2018:18:36:13 +0000] "GET /__webpack_hmr HTTP/1.1" 404 - "http://localhost:3000/todos" "Mozilla/5.0 (Macintosh; Intel Mac OS X 10_13_3) AppleWebKit/537.36 (KHTML, like Gecko) Chrome/68.0.3440.106 Safari/537.36"
::1 - - [22/Nov/2018:18:36:33 +0000] "GET /__webpack_hmr HTTP/1.1" 404 - "http://localhost:3000/todos" "Mozilla/5.0 (Macintosh; Intel Mac OS X 10_13_3) AppleWebKit/537.36 (KHTML, like Gecko) Chrome/68.0.3440.106 Safari/537.36"
::1 - - [22/Nov/2018:18:36:36 +0000] "GET /__webpack_hmr HTTP/1.1" 404 - "http://localhost:3000/2" "Mozilla/5.0 (Macintosh; Intel Mac OS X 10_13_3) AppleWebKit/537.36 (KHTML, like Gecko) Chrome/68.0.3440.106 Safari/537.36"
::1 - - [22/Nov/2018:18:36:54 +0000] "GET /__webpack_hmr HTTP/1.1" 404 - "http://localhost:3000/todos" "Mozilla/5.0 (Macintosh; Intel Mac OS X 10_13_3) AppleWebKit/537.36 (KHTML, like Gecko) Chrome/68.0.3440.106 Safari/537.36"
::1 - - [22/Nov/2018:18:36:58 +0000] "GET /__webpack_hmr HTTP/1.1" 404 - "http://localhost:3000/2" "Mozilla/5.0 (Macintosh; Intel Mac OS X 10_13_3) AppleWebKit/537.36 (KHTML, like Gecko) Chrome/68.0.3440.106 Safari/537.36"
::1 - - [22/Nov/2018:18:37:15 +0000] "GET /__webpack_hmr HTTP/1.1" 404 - "http://localhost:3000/todos" "Mozilla/5.0 (Macintosh; Intel Mac OS X 10_13_3) AppleWebKit/537.36 (KHTML, like Gecko) Chrome/68.0.3440.106 Safari/537.36"
::1 - - [22/Nov/2018:18:37:19 +0000] "GET /__webpack_hmr HTTP/1.1" 404 - "http://localhost:3000/2" "Mozilla/5.0 (Macintosh; Intel Mac OS X 10_13_3) AppleWebKit/537.36 (KHTML, like Gecko) Chrome/68.0.3440.106 Safari/537.36"
::1 - - [22/Nov/2018:18:37:36 +0000] "GET /__webpack_hmr HTTP/1.1" 404 - "http://localhost:3000/todos" "Mozilla/5.0 (Macintosh; Intel Mac OS X 10_13_3) AppleWebKit/537.36 (KHTML, like Gecko) Chrome/68.0.3440.106 Safari/537.36"
::1 - - [22/Nov/2018:18:37:43 +0000] "GET /__webpack_hmr HTTP/1.1" 404 - "http://localhost:3000/2" "Mozilla/5.0 (Macintosh; Intel Mac OS X 10_13_3) AppleWebKit/537.36 (KHTML, like Gecko) Chrome/68.0.3440.106 Safari/537.36"
::1 - - [22/Nov/2018:18:37:57 +0000] "GET /__webpack_hmr HTTP/1.1" 404 - "http://localhost:3000/todos" "Mozilla/5.0 (Macintosh; Intel Mac OS X 10_13_3) AppleWebKit/537.36 (KHTML, like Gecko) Chrome/68.0.3440.106 Safari/537.36"
::1 - - [22/Nov/2018:18:38:12 +0000] "GET /__webpack_hmr HTTP/1.1" 404 - "http://localhost:3000/2" "Mozilla/5.0 (Macintosh; Intel Mac OS X 10_13_3) AppleWebKit/537.36 (KHTML, like Gecko) Chrome/68.0.3440.106 Safari/537.36"
::1 - - [22/Nov/2018:18:38:17 +0000] "GET /__webpack_hmr HTTP/1.1" 404 - "http://localhost:3000/todos" "Mozilla/5.0 (Macintosh; Intel Mac OS X 10_13_3) AppleWebKit/537.36 (KHTML, like Gecko) Chrome/68.0.3440.106 Safari/537.36"
::1 - - [22/Nov/2018:18:38:32 +0000] "GET /__webpack_hmr HTTP/1.1" 404 - "http://localhost:3000/2" "Mozilla/5.0 (Macintosh; Intel Mac OS X 10_13_3) AppleWebKit/537.36 (KHTML, like Gecko) Chrome/68.0.3440.106 Safari/537.36"
::1 - - [22/Nov/2018:18:38:38 +0000] "GET /__webpack_hmr HTTP/1.1" 404 - "http://localhost:3000/todos" "Mozilla/5.0 (Macintosh; Intel Mac OS X 10_13_3) AppleWebKit/537.36 (KHTML, like Gecko) Chrome/68.0.3440.106 Safari/537.36"
::1 - - [22/Nov/2018:18:38:59 +0000] "GET /__webpack_hmr HTTP/1.1" 404 - "http://localhost:3000/todos" "Mozilla/5.0 (Macintosh; Intel Mac OS X 10_13_3) AppleWebKit/537.36 (KHTML, like Gecko) Chrome/68.0.3440.106 Safari/537.36"
::1 - - [22/Nov/2018:18:39:00 +0000] "GET /__webpack_hmr HTTP/1.1" 404 - "http://localhost:3000/2" "Mozilla/5.0 (Macintosh; Intel Mac OS X 10_13_3) AppleWebKit/537.36 (KHTML, like Gecko) Chrome/68.0.3440.106 Safari/537.36"
::1 - - [22/Nov/2018:18:39:20 +0000] "GET /__webpack_hmr HTTP/1.1" 404 - "http://localhost:3000/todos" "Mozilla/5.0 (Macintosh; Intel Mac OS X 10_13_3) AppleWebKit/537.36 (KHTML, like Gecko) Chrome/68.0.3440.106 Safari/537.36"
::1 - - [22/Nov/2018:18:39:29 +0000] "GET /__webpack_hmr HTTP/1.1" 404 - "http://localhost:3000/2" "Mozilla/5.0 (Macintosh; Intel Mac OS X 10_13_3) AppleWebKit/537.36 (KHTML, like Gecko) Chrome/68.0.3440.106 Safari/537.36"
::1 - - [22/Nov/2018:18:39:41 +0000] "GET /__webpack_hmr HTTP/1.1" 404 - "http://localhost:3000/todos" "Mozilla/5.0 (Macintosh; Intel Mac OS X 10_13_3) AppleWebKit/537.36 (KHTML, like Gecko) Chrome/68.0.3440.106 Safari/537.36"
::1 - - [22/Nov/2018:18:39:49 +0000] "GET /__webpack_hmr HTTP/1.1" 404 - "http://localhost:3000/2" "Mozilla/5.0 (Macintosh; Intel Mac OS X 10_13_3) AppleWebKit/537.36 (KHTML, like Gecko) Chrome/68.0.3440.106 Safari/537.36"
::1 - - [22/Nov/2018:18:40:02 +0000] "GET /__webpack_hmr HTTP/1.1" 404 - "http://localhost:3000/todos" "Mozilla/5.0 (Macintosh; Intel Mac OS X 10_13_3) AppleWebKit/537.36 (KHTML, like Gecko) Chrome/68.0.3440.106 Safari/537.36"
::1 - - [22/Nov/2018:18:40:22 +0000] "GET /__webpack_hmr HTTP/1.1" 404 - "http://localhost:3000/todos" "Mozilla/5.0 (Macintosh; Intel Mac OS X 10_13_3) AppleWebKit/537.36 (KHTML, like Gecko) Chrome/68.0.3440.106 Safari/537.36"
::1 - - [22/Nov/2018:18:40:43 +0000] "GET /__webpack_hmr HTTP/1.1" 404 - "http://localhost:3000/todos" "Mozilla/5.0 (Macintosh; Intel Mac OS X 10_13_3) AppleWebKit/537.36 (KHTML, like Gecko) Chrome/68.0.3440.106 Safari/537.36"
::1 - - [22/Nov/2018:18:41:04 +0000] "GET /__webpack_hmr HTTP/1.1" 404 - "http://localhost:3000/todos" "Mozilla/5.0 (Macintosh; Intel Mac OS X 10_13_3) AppleWebKit/537.36 (KHTML, like Gecko) Chrome/68.0.3440.106 Safari/537.36"
::1 - - [22/Nov/2018:18:41:25 +0000] "GET /__webpack_hmr HTTP/1.1" 404 - "http://localhost:3000/todos" "Mozilla/5.0 (Macintosh; Intel Mac OS X 10_13_3) AppleWebKit/537.36 (KHTML, like Gecko) Chrome/68.0.3440.106 Safari/537.36"
::1 - - [22/Nov/2018:18:42:06 +0000] "GET /__webpack_hmr HTTP/1.1" 404 - "http://localhost:3000/todos" "Mozilla/5.0 (Macintosh; Intel Mac OS X 10_13_3) AppleWebKit/537.36 (KHTML, like Gecko) Chrome/68.0.3440.106 Safari/537.36"
::1 - - [22/Nov/2018:18:42:27 +0000] "GET /__webpack_hmr HTTP/1.1" 404 - "http://localhost:3000/todos" "Mozilla/5.0 (Macintosh; Intel Mac OS X 10_13_3) AppleWebKit/537.36 (KHTML, like Gecko) Chrome/68.0.3440.106 Safari/537.36"
::1 - - [22/Nov/2018:18:42:47 +0000] "GET /__webpack_hmr HTTP/1.1" 404 - "http://localhost:3000/todos" "Mozilla/5.0 (Macintosh; Intel Mac OS X 10_13_3) AppleWebKit/537.36 (KHTML, like Gecko) Chrome/68.0.3440.106 Safari/537.36"
::1 - - [22/Nov/2018:18:43:08 +0000] "GET /__webpack_hmr HTTP/1.1" 404 - "http://localhost:3000/todos" "Mozilla/5.0 (Macintosh; Intel Mac OS X 10_13_3) AppleWebKit/537.36 (KHTML, like Gecko) Chrome/68.0.3440.106 Safari/537.36"
::1 - - [22/Nov/2018:18:43:29 +0000] "GET /__webpack_hmr HTTP/1.1" 404 - "http://localhost:3000/todos" "Mozilla/5.0 (Macintosh; Intel Mac OS X 10_13_3) AppleWebKit/537.36 (KHTML, like Gecko) Chrome/68.0.3440.106 Safari/537.36"
::1 - - [22/Nov/2018:18:43:50 +0000] "GET /__webpack_hmr HTTP/1.1" 404 - "http://localhost:3000/todos" "Mozilla/5.0 (Macintosh; Intel Mac OS X 10_13_3) AppleWebKit/537.36 (KHTML, like Gecko) Chrome/68.0.3440.106 Safari/537.36"
::1 - - [22/Nov/2018:18:44:10 +0000] "GET /__webpack_hmr HTTP/1.1" 404 - "http://localhost:3000/todos" "Mozilla/5.0 (Macintosh; Intel Mac OS X 10_13_3) AppleWebKit/537.36 (KHTML, like Gecko) Chrome/68.0.3440.106 Safari/537.36"
::1 - - [22/Nov/2018:18:44:22 +0000] "GET /test HTTP/1.1" 404 - "-" "Mozilla/5.0 (Macintosh; Intel Mac OS X 10_13_3) AppleWebKit/537.36 (KHTML, like Gecko) Chrome/68.0.3440.106 Safari/537.36"
::1 - - [22/Nov/2018:18:44:30 +0000] "GET /__webpack_hmr HTTP/1.1" 404 - "http://localhost:3000/todos" "Mozilla/5.0 (Macintosh; Intel Mac OS X 10_13_3) AppleWebKit/537.36 (KHTML, like Gecko) Chrome/68.0.3440.106 Safari/537.36"
::1 - - [22/Nov/2018:18:44:51 +0000] "GET /__webpack_hmr HTTP/1.1" 404 - "http://localhost:3000/todos" "Mozilla/5.0 (Macintosh; Intel Mac OS X 10_13_3) AppleWebKit/537.36 (KHTML, like Gecko) Chrome/68.0.3440.106 Safari/537.36"
::1 - - [22/Nov/2018:18:45:12 +0000] "GET /__webpack_hmr HTTP/1.1" 404 - "http://localhost:3000/todos" "Mozilla/5.0 (Macintosh; Intel Mac OS X 10_13_3) AppleWebKit/537.36 (KHTML, like Gecko) Chrome/68.0.3440.106 Safari/537.36"
::1 - - [22/Nov/2018:18:45:33 +0000] "GET /__webpack_hmr HTTP/1.1" 404 - "http://localhost:3000/todos" "Mozilla/5.0 (Macintosh; Intel Mac OS X 10_13_3) AppleWebKit/537.36 (KHTML, like Gecko) Chrome/68.0.3440.106 Safari/537.36"
::1 - - [22/Nov/2018:18:45:54 +0000] "GET /__webpack_hmr HTTP/1.1" 404 - "http://localhost:3000/todos" "Mozilla/5.0 (Macintosh; Intel Mac OS X 10_13_3) AppleWebKit/537.36 (KHTML, like Gecko) Chrome/68.0.3440.106 Safari/537.36"
::1 - - [22/Nov/2018:18:46:15 +0000] "GET /__webpack_hmr HTTP/1.1" 404 - "http://localhost:3000/todos" "Mozilla/5.0 (Macintosh; Intel Mac OS X 10_13_3) AppleWebKit/537.36 (KHTML, like Gecko) Chrome/68.0.3440.106 Safari/537.36"
::1 - - [22/Nov/2018:18:46:35 +0000] "GET /__webpack_hmr HTTP/1.1" 404 - "http://localhost:3000/todos" "Mozilla/5.0 (Macintosh; Intel Mac OS X 10_13_3) AppleWebKit/537.36 (KHTML, like Gecko) Chrome/68.0.3440.106 Safari/537.36"
::1 - - [22/Nov/2018:18:46:55 +0000] "GET /__webpack_hmr HTTP/1.1" 404 - "http://localhost:3000/todos" "Mozilla/5.0 (Macintosh; Intel Mac OS X 10_13_3) AppleWebKit/537.36 (KHTML, like Gecko) Chrome/68.0.3440.106 Safari/537.36"
::1 - - [22/Nov/2018:18:47:15 +0000] "GET /__webpack_hmr HTTP/1.1" 404 - "http://localhost:3000/todos" "Mozilla/5.0 (Macintosh; Intel Mac OS X 10_13_3) AppleWebKit/537.36 (KHTML, like Gecko) Chrome/68.0.3440.106 Safari/537.36"
::1 - - [22/Nov/2018:18:47:36 +0000] "GET /__webpack_hmr HTTP/1.1" 404 - "http://localhost:3000/todos" "Mozilla/5.0 (Macintosh; Intel Mac OS X 10_13_3) AppleWebKit/537.36 (KHTML, like Gecko) Chrome/68.0.3440.106 Safari/537.36"
::1 - - [22/Nov/2018:18:47:56 +0000] "GET /__webpack_hmr HTTP/1.1" 404 - "http://localhost:3000/todos" "Mozilla/5.0 (Macintosh; Intel Mac OS X 10_13_3) AppleWebKit/537.36 (KHTML, like Gecko) Chrome/68.0.3440.106 Safari/537.36"
::1 - - [22/Nov/2018:18:48:17 +0000] "GET /__webpack_hmr HTTP/1.1" 404 - "http://localhost:3000/todos" "Mozilla/5.0 (Macintosh; Intel Mac OS X 10_13_3) AppleWebKit/537.36 (KHTML, like Gecko) Chrome/68.0.3440.106 Safari/537.36"
::1 - - [22/Nov/2018:18:48:50 +0000] "GET /__webpack_hmr HTTP/1.1" 404 - "http://localhost:3000/todos" "Mozilla/5.0 (Macintosh; Intel Mac OS X 10_13_3) AppleWebKit/537.36 (KHTML, like Gecko) Chrome/68.0.3440.106 Safari/537.36"
::1 - - [22/Nov/2018:18:49:11 +0000] "GET /__webpack_hmr HTTP/1.1" 404 - "http://localhost:3000/todos" "Mozilla/5.0 (Macintosh; Intel Mac OS X 10_13_3) AppleWebKit/537.36 (KHTML, like Gecko) Chrome/68.0.3440.106 Safari/537.36"
::1 - - [22/Nov/2018:18:49:32 +0000] "GET /__webpack_hmr HTTP/1.1" 404 - "http://localhost:3000/todos" "Mozilla/5.0 (Macintosh; Intel Mac OS X 10_13_3) AppleWebKit/537.36 (KHTML, like Gecko) Chrome/68.0.3440.106 Safari/537.36"
::1 - - [22/Nov/2018:18:49:53 +0000] "GET /__webpack_hmr HTTP/1.1" 404 - "http://localhost:3000/todos" "Mozilla/5.0 (Macintosh; Intel Mac OS X 10_13_3) AppleWebKit/537.36 (KHTML, like Gecko) Chrome/68.0.3440.106 Safari/537.36"
::1 - - [22/Nov/2018:18:50:14 +0000] "GET /__webpack_hmr HTTP/1.1" 404 - "http://localhost:3000/todos" "Mozilla/5.0 (Macintosh; Intel Mac OS X 10_13_3) AppleWebKit/537.36 (KHTML, like Gecko) Chrome/68.0.3440.106 Safari/537.36"
::1 - - [22/Nov/2018:18:50:34 +0000] "GET /__webpack_hmr HTTP/1.1" 404 - "http://localhost:3000/todos" "Mozilla/5.0 (Macintosh; Intel Mac OS X 10_13_3) AppleWebKit/537.36 (KHTML, like Gecko) Chrome/68.0.3440.106 Safari/537.36"
::1 - - [22/Nov/2018:18:50:55 +0000] "GET /__webpack_hmr HTTP/1.1" 404 - "http://localhost:3000/todos" "Mozilla/5.0 (Macintosh; Intel Mac OS X 10_13_3) AppleWebKit/537.36 (KHTML, like Gecko) Chrome/68.0.3440.106 Safari/537.36"
::1 - - [22/Nov/2018:18:51:16 +0000] "GET /__webpack_hmr HTTP/1.1" 404 - "http://localhost:3000/todos" "Mozilla/5.0 (Macintosh; Intel Mac OS X 10_13_3) AppleWebKit/537.36 (KHTML, like Gecko) Chrome/68.0.3440.106 Safari/537.36"
::1 - - [22/Nov/2018:18:51:37 +0000] "GET /__webpack_hmr HTTP/1.1" 404 - "http://localhost:3000/todos" "Mozilla/5.0 (Macintosh; Intel Mac OS X 10_13_3) AppleWebKit/537.36 (KHTML, like Gecko) Chrome/68.0.3440.106 Safari/537.36"
::1 - - [22/Nov/2018:18:51:57 +0000] "GET /__webpack_hmr HTTP/1.1" 404 - "http://localhost:3000/todos" "Mozilla/5.0 (Macintosh; Intel Mac OS X 10_13_3) AppleWebKit/537.36 (KHTML, like Gecko) Chrome/68.0.3440.106 Safari/537.36"
::1 - - [22/Nov/2018:18:52:18 +0000] "GET /__webpack_hmr HTTP/1.1" 404 - "http://localhost:3000/todos" "Mozilla/5.0 (Macintosh; Intel Mac OS X 10_13_3) AppleWebKit/537.36 (KHTML, like Gecko) Chrome/68.0.3440.106 Safari/537.36"
::1 - - [22/Nov/2018:18:52:39 +0000] "GET /__webpack_hmr HTTP/1.1" 404 - "http://localhost:3000/todos" "Mozilla/5.0 (Macintosh; Intel Mac OS X 10_13_3) AppleWebKit/537.36 (KHTML, like Gecko) Chrome/68.0.3440.106 Safari/537.36"
::1 - - [22/Nov/2018:18:52:59 +0000] "GET /__webpack_hmr HTTP/1.1" 404 - "http://localhost:3000/todos" "Mozilla/5.0 (Macintosh; Intel Mac OS X 10_13_3) AppleWebKit/537.36 (KHTML, like Gecko) Chrome/68.0.3440.106 Safari/537.36"
::1 - - [22/Nov/2018:18:53:20 +0000] "GET /__webpack_hmr HTTP/1.1" 404 - "http://localhost:3000/todos" "Mozilla/5.0 (Macintosh; Intel Mac OS X 10_13_3) AppleWebKit/537.36 (KHTML, like Gecko) Chrome/68.0.3440.106 Safari/537.36"
::1 - - [22/Nov/2018:18:53:41 +0000] "GET /__webpack_hmr HTTP/1.1" 404 - "http://localhost:3000/todos" "Mozilla/5.0 (Macintosh; Intel Mac OS X 10_13_3) AppleWebKit/537.36 (KHTML, like Gecko) Chrome/68.0.3440.106 Safari/537.36"
::1 - - [22/Nov/2018:18:54:02 +0000] "GET /__webpack_hmr HTTP/1.1" 404 - "http://localhost:3000/todos" "Mozilla/5.0 (Macintosh; Intel Mac OS X 10_13_3) AppleWebKit/537.36 (KHTML, like Gecko) Chrome/68.0.3440.106 Safari/537.36"
::1 - - [22/Nov/2018:19:01:45 +0000] "GET /__webpack_hmr HTTP/1.1" 404 - "http://localhost:3000/todos" "Mozilla/5.0 (Macintosh; Intel Mac OS X 10_13_3) AppleWebKit/537.36 (KHTML, like Gecko) Chrome/68.0.3440.106 Safari/537.36"
::1 - - [22/Nov/2018:19:02:07 +0000] "GET /__webpack_hmr HTTP/1.1" 404 - "http://localhost:3000/todos" "Mozilla/5.0 (Macintosh; Intel Mac OS X 10_13_3) AppleWebKit/537.36 (KHTML, like Gecko) Chrome/68.0.3440.106 Safari/537.36"
::1 - - [22/Nov/2018:19:02:28 +0000] "GET /__webpack_hmr HTTP/1.1" 404 - "http://localhost:3000/todos" "Mozilla/5.0 (Macintosh; Intel Mac OS X 10_13_3) AppleWebKit/537.36 (KHTML, like Gecko) Chrome/68.0.3440.106 Safari/537.36"
::1 - - [22/Nov/2018:19:02:49 +0000] "GET /__webpack_hmr HTTP/1.1" 404 - "http://localhost:3000/todos" "Mozilla/5.0 (Macintosh; Intel Mac OS X 10_13_3) AppleWebKit/537.36 (KHTML, like Gecko) Chrome/68.0.3440.106 Safari/537.36"
::1 - - [22/Nov/2018:19:03:10 +0000] "GET /__webpack_hmr HTTP/1.1" 404 - "http://localhost:3000/todos" "Mozilla/5.0 (Macintosh; Intel Mac OS X 10_13_3) AppleWebKit/537.36 (KHTML, like Gecko) Chrome/68.0.3440.106 Safari/537.36"
::1 - - [22/Nov/2018:19:03:31 +0000] "GET /__webpack_hmr HTTP/1.1" 404 - "http://localhost:3000/todos" "Mozilla/5.0 (Macintosh; Intel Mac OS X 10_13_3) AppleWebKit/537.36 (KHTML, like Gecko) Chrome/68.0.3440.106 Safari/537.36"
::1 - - [22/Nov/2018:19:03:53 +0000] "GET /__webpack_hmr HTTP/1.1" 404 - "http://localhost:3000/todos" "Mozilla/5.0 (Macintosh; Intel Mac OS X 10_13_3) AppleWebKit/537.36 (KHTML, like Gecko) Chrome/68.0.3440.106 Safari/537.36"
::1 - - [22/Nov/2018:19:04:14 +0000] "GET /__webpack_hmr HTTP/1.1" 404 - "http://localhost:3000/todos" "Mozilla/5.0 (Macintosh; Intel Mac OS X 10_13_3) AppleWebKit/537.36 (KHTML, like Gecko) Chrome/68.0.3440.106 Safari/537.36"
::1 - - [22/Nov/2018:19:04:35 +0000] "GET /__webpack_hmr HTTP/1.1" 404 - "http://localhost:3000/todos" "Mozilla/5.0 (Macintosh; Intel Mac OS X 10_13_3) AppleWebKit/537.36 (KHTML, like Gecko) Chrome/68.0.3440.106 Safari/537.36"
::1 - - [22/Nov/2018:19:04:56 +0000] "GET /__webpack_hmr HTTP/1.1" 404 - "http://localhost:3000/todos" "Mozilla/5.0 (Macintosh; Intel Mac OS X 10_13_3) AppleWebKit/537.36 (KHTML, like Gecko) Chrome/68.0.3440.106 Safari/537.36"
::1 - - [22/Nov/2018:19:05:17 +0000] "GET /__webpack_hmr HTTP/1.1" 404 - "http://localhost:3000/todos" "Mozilla/5.0 (Macintosh; Intel Mac OS X 10_13_3) AppleWebKit/537.36 (KHTML, like Gecko) Chrome/68.0.3440.106 Safari/537.36"
::1 - - [22/Nov/2018:19:06:21 +0000] "GET /__webpack_hmr HTTP/1.1" 404 - "http://localhost:3000/todos" "Mozilla/5.0 (Macintosh; Intel Mac OS X 10_13_3) AppleWebKit/537.36 (KHTML, like Gecko) Chrome/68.0.3440.106 Safari/537.36"
::1 - - [22/Nov/2018:19:06:43 +0000] "GET /__webpack_hmr HTTP/1.1" 404 - "http://localhost:3000/todos" "Mozilla/5.0 (Macintosh; Intel Mac OS X 10_13_3) AppleWebKit/537.36 (KHTML, like Gecko) Chrome/68.0.3440.106 Safari/537.36"
::1 - - [22/Nov/2018:19:07:04 +0000] "GET /__webpack_hmr HTTP/1.1" 404 - "http://localhost:3000/todos" "Mozilla/5.0 (Macintosh; Intel Mac OS X 10_13_3) AppleWebKit/537.36 (KHTML, like Gecko) Chrome/68.0.3440.106 Safari/537.36"
::1 - - [22/Nov/2018:19:07:25 +0000] "GET /__webpack_hmr HTTP/1.1" 404 - "http://localhost:3000/todos" "Mozilla/5.0 (Macintosh; Intel Mac OS X 10_13_3) AppleWebKit/537.36 (KHTML, like Gecko) Chrome/68.0.3440.106 Safari/537.36"
::1 - - [22/Nov/2018:19:07:46 +0000] "GET /__webpack_hmr HTTP/1.1" 404 - "http://localhost:3000/todos" "Mozilla/5.0 (Macintosh; Intel Mac OS X 10_13_3) AppleWebKit/537.36 (KHTML, like Gecko) Chrome/68.0.3440.106 Safari/537.36"
::1 - - [22/Nov/2018:19:08:07 +0000] "GET /__webpack_hmr HTTP/1.1" 404 - "http://localhost:3000/todos" "Mozilla/5.0 (Macintosh; Intel Mac OS X 10_13_3) AppleWebKit/537.36 (KHTML, like Gecko) Chrome/68.0.3440.106 Safari/537.36"
::1 - - [22/Nov/2018:19:08:28 +0000] "GET /__webpack_hmr HTTP/1.1" 404 - "http://localhost:3000/todos" "Mozilla/5.0 (Macintosh; Intel Mac OS X 10_13_3) AppleWebKit/537.36 (KHTML, like Gecko) Chrome/68.0.3440.106 Safari/537.36"
::1 - - [22/Nov/2018:19:08:49 +0000] "GET /__webpack_hmr HTTP/1.1" 404 - "http://localhost:3000/todos" "Mozilla/5.0 (Macintosh; Intel Mac OS X 10_13_3) AppleWebKit/537.36 (KHTML, like Gecko) Chrome/68.0.3440.106 Safari/537.36"
::1 - - [22/Nov/2018:19:09:10 +0000] "GET /__webpack_hmr HTTP/1.1" 404 - "http://localhost:3000/todos" "Mozilla/5.0 (Macintosh; Intel Mac OS X 10_13_3) AppleWebKit/537.36 (KHTML, like Gecko) Chrome/68.0.3440.106 Safari/537.36"
::1 - - [22/Nov/2018:19:09:32 +0000] "GET /__webpack_hmr HTTP/1.1" 404 - "http://localhost:3000/todos" "Mozilla/5.0 (Macintosh; Intel Mac OS X 10_13_3) AppleWebKit/537.36 (KHTML, like Gecko) Chrome/68.0.3440.106 Safari/537.36"
::1 - - [22/Nov/2018:19:09:53 +0000] "GET /__webpack_hmr HTTP/1.1" 404 - "http://localhost:3000/todos" "Mozilla/5.0 (Macintosh; Intel Mac OS X 10_13_3) AppleWebKit/537.36 (KHTML, like Gecko) Chrome/68.0.3440.106 Safari/537.36"
::1 - - [22/Nov/2018:19:10:14 +0000] "GET /__webpack_hmr HTTP/1.1" 404 - "http://localhost:3000/todos" "Mozilla/5.0 (Macintosh; Intel Mac OS X 10_13_3) AppleWebKit/537.36 (KHTML, like Gecko) Chrome/68.0.3440.106 Safari/537.36"
::1 - - [22/Nov/2018:19:10:34 +0000] "GET /test HTTP/1.1" 404 - "-" "Mozilla/5.0 (Macintosh; Intel Mac OS X 10_13_3) AppleWebKit/537.36 (KHTML, like Gecko) Chrome/68.0.3440.106 Safari/537.36"
::1 - - [22/Nov/2018:19:10:35 +0000] "GET /__webpack_hmr HTTP/1.1" 404 - "http://localhost:3000/todos" "Mozilla/5.0 (Macintosh; Intel Mac OS X 10_13_3) AppleWebKit/537.36 (KHTML, like Gecko) Chrome/68.0.3440.106 Safari/537.36"
::1 - - [22/Nov/2018:19:10:56 +0000] "GET /__webpack_hmr HTTP/1.1" 404 - "http://localhost:3000/todos" "Mozilla/5.0 (Macintosh; Intel Mac OS X 10_13_3) AppleWebKit/537.36 (KHTML, like Gecko) Chrome/68.0.3440.106 Safari/537.36"
::1 - - [22/Nov/2018:19:11:17 +0000] "GET /__webpack_hmr HTTP/1.1" 404 - "http://localhost:3000/todos" "Mozilla/5.0 (Macintosh; Intel Mac OS X 10_13_3) AppleWebKit/537.36 (KHTML, like Gecko) Chrome/68.0.3440.106 Safari/537.36"
::1 - - [22/Nov/2018:19:11:18 +0000] "GET /test HTTP/1.1" 404 - "-" "Mozilla/5.0 (Macintosh; Intel Mac OS X 10_13_3) AppleWebKit/537.36 (KHTML, like Gecko) Chrome/68.0.3440.106 Safari/537.36"
::1 - - [22/Nov/2018:19:11:38 +0000] "GET /__webpack_hmr HTTP/1.1" 404 - "http://localhost:3000/todos" "Mozilla/5.0 (Macintosh; Intel Mac OS X 10_13_3) AppleWebKit/537.36 (KHTML, like Gecko) Chrome/68.0.3440.106 Safari/537.36"
::1 - - [22/Nov/2018:19:11:59 +0000] "GET /__webpack_hmr HTTP/1.1" 404 - "http://localhost:3000/todos" "Mozilla/5.0 (Macintosh; Intel Mac OS X 10_13_3) AppleWebKit/537.36 (KHTML, like Gecko) Chrome/68.0.3440.106 Safari/537.36"
::1 - - [22/Nov/2018:19:12:21 +0000] "GET /__webpack_hmr HTTP/1.1" 404 - "http://localhost:3000/todos" "Mozilla/5.0 (Macintosh; Intel Mac OS X 10_13_3) AppleWebKit/537.36 (KHTML, like Gecko) Chrome/68.0.3440.106 Safari/537.36"
::1 - - [22/Nov/2018:19:12:24 +0000] "GET /d HTTP/1.1" 404 - "-" "Mozilla/5.0 (Macintosh; Intel Mac OS X 10_13_3) AppleWebKit/537.36 (KHTML, like Gecko) Chrome/68.0.3440.106 Safari/537.36"
::1 - - [22/Nov/2018:19:12:42 +0000] "GET /__webpack_hmr HTTP/1.1" 404 - "http://localhost:3000/todos" "Mozilla/5.0 (Macintosh; Intel Mac OS X 10_13_3) AppleWebKit/537.36 (KHTML, like Gecko) Chrome/68.0.3440.106 Safari/537.36"
::1 - - [22/Nov/2018:19:13:03 +0000] "GET /__webpack_hmr HTTP/1.1" 404 - "http://localhost:3000/todos" "Mozilla/5.0 (Macintosh; Intel Mac OS X 10_13_3) AppleWebKit/537.36 (KHTML, like Gecko) Chrome/68.0.3440.106 Safari/537.36"
::1 - - [22/Nov/2018:20:13:18 +0000] "GET /__webpack_hmr HTTP/1.1" 404 - "http://localhost:3000/" "Mozilla/5.0 (Macintosh; Intel Mac OS X 10_13_3) AppleWebKit/537.36 (KHTML, like Gecko) Chrome/68.0.3440.106 Safari/537.36"
::1 - - [22/Nov/2018:20:13:22 +0000] "GET /__webpack_hmr HTTP/1.1" 404 - "http://localhost:3000/todos" "Mozilla/5.0 (Macintosh; Intel Mac OS X 10_13_3) AppleWebKit/537.36 (KHTML, like Gecko) Chrome/68.0.3440.106 Safari/537.36"
::1 - - [22/Nov/2018:20:13:43 +0000] "GET /__webpack_hmr HTTP/1.1" 404 - "http://localhost:3000/todos" "Mozilla/5.0 (Macintosh; Intel Mac OS X 10_13_3) AppleWebKit/537.36 (KHTML, like Gecko) Chrome/68.0.3440.106 Safari/537.36"
::1 - - [22/Nov/2018:20:14:04 +0000] "GET /__webpack_hmr HTTP/1.1" 404 - "http://localhost:3000/todos" "Mozilla/5.0 (Macintosh; Intel Mac OS X 10_13_3) AppleWebKit/537.36 (KHTML, like Gecko) Chrome/68.0.3440.106 Safari/537.36"
::1 - - [22/Nov/2018:20:14:25 +0000] "GET /__webpack_hmr HTTP/1.1" 404 - "http://localhost:3000/todos" "Mozilla/5.0 (Macintosh; Intel Mac OS X 10_13_3) AppleWebKit/537.36 (KHTML, like Gecko) Chrome/68.0.3440.106 Safari/537.36"
::1 - - [24/Nov/2018:14:34:01 +0000] "GET /__webpack_hmr HTTP/1.1" 404 - "http://localhost:3000/" "Mozilla/5.0 (Macintosh; Intel Mac OS X 10_13_3) AppleWebKit/537.36 (KHTML, like Gecko) Chrome/68.0.3440.106 Safari/537.36"
::1 - - [24/Nov/2018:14:34:03 +0000] "GET /__webpack_hmr HTTP/1.1" 404 - "http://localhost:3000/" "Mozilla/5.0 (Macintosh; Intel Mac OS X 10_13_3) AppleWebKit/537.36 (KHTML, like Gecko) Chrome/68.0.3440.106 Safari/537.36"
::1 - - [24/Nov/2018:14:34:09 +0000] "GET /images/home.png HTTP/1.1" 404 - "http://localhost:3000/" "Mozilla/5.0 (Macintosh; Intel Mac OS X 10_13_3) AppleWebKit/537.36 (KHTML, like Gecko) Chrome/68.0.3440.106 Safari/537.36"
::1 - - [24/Nov/2018:14:34:22 +0000] "GET /__webpack_hmr HTTP/1.1" 404 - "http://localhost:3000/" "Mozilla/5.0 (Macintosh; Intel Mac OS X 10_13_3) AppleWebKit/537.36 (KHTML, like Gecko) Chrome/68.0.3440.106 Safari/537.36"
::1 - - [24/Nov/2018:15:43:18 +0000] "GET /assets/images/logo.png HTTP/1.1" 404 - "http://localhost:3000/" "Mozilla/5.0 (Macintosh; Intel Mac OS X 10_13_3) AppleWebKit/537.36 (KHTML, like Gecko) Chrome/68.0.3440.106 Safari/537.36"
::1 - - [24/Nov/2018:15:43:23 +0000] "GET /__webpack_hmr HTTP/1.1" 404 - "http://localhost:3000/images/home.png" "Mozilla/5.0 (Macintosh; Intel Mac OS X 10_13_3) AppleWebKit/537.36 (KHTML, like Gecko) Chrome/68.0.3440.106 Safari/537.36"
::1 - - [24/Nov/2018:15:43:23 +0000] "GET /__webpack_hmr HTTP/1.1" 404 - "http://localhost:3000/resources/assets/images/logo.png" "Mozilla/5.0 (Macintosh; Intel Mac OS X 10_13_3) AppleWebKit/537.36 (KHTML, like Gecko) Chrome/68.0.3440.106 Safari/537.36"
::1 - - [24/Nov/2018:15:43:24 +0000] "GET /__webpack_hmr HTTP/1.1" 404 - "http://localhost:3000/" "Mozilla/5.0 (Macintosh; Intel Mac OS X 10_13_3) AppleWebKit/537.36 (KHTML, like Gecko) Chrome/68.0.3440.106 Safari/537.36"
::1 - - [24/Nov/2018:15:43:43 +0000] "GET /__webpack_hmr HTTP/1.1" 404 - "http://localhost:3000/resources/assets/images/logo.png" "Mozilla/5.0 (Macintosh; Intel Mac OS X 10_13_3) AppleWebKit/537.36 (KHTML, like Gecko) Chrome/68.0.3440.106 Safari/537.36"
::1 - - [24/Nov/2018:15:43:44 +0000] "GET /__webpack_hmr HTTP/1.1" 404 - "http://localhost:3000/images/home.png" "Mozilla/5.0 (Macintosh; Intel Mac OS X 10_13_3) AppleWebKit/537.36 (KHTML, like Gecko) Chrome/68.0.3440.106 Safari/537.36"
::1 - - [24/Nov/2018:15:43:45 +0000] "GET /__webpack_hmr HTTP/1.1" 404 - "http://localhost:3000/" "Mozilla/5.0 (Macintosh; Intel Mac OS X 10_13_3) AppleWebKit/537.36 (KHTML, like Gecko) Chrome/68.0.3440.106 Safari/537.36"
::1 - - [24/Nov/2018:15:46:40 +0000] "GET /images/home.png HTTP/1.1" 404 - "http://localhost:3000/" "Mozilla/5.0 (Macintosh; Intel Mac OS X 10_13_3) AppleWebKit/537.36 (KHTML, like Gecko) Chrome/68.0.3440.106 Safari/537.36"
::1 - - [24/Nov/2018:15:46:47 +0000] "GET /images/home.png HTTP/1.1" 404 - "-" "Mozilla/5.0 (Macintosh; Intel Mac OS X 10_13_3) AppleWebKit/537.36 (KHTML, like Gecko) Chrome/68.0.3440.106 Safari/537.36"
::1 - - [24/Nov/2018:15:46:49 +0000] "GET /images/home.png HTTP/1.1" 404 - "http://localhost:3000/images/home.png" "Mozilla/5.0 (Macintosh; Intel Mac OS X 10_13_3) AppleWebKit/537.36 (KHTML, like Gecko) Chrome/68.0.3440.106 Safari/537.36"
::1 - - [24/Nov/2018:15:46:49 +0000] "GET /images/home.png HTTP/1.1" 404 - "http://localhost:3000/" "Mozilla/5.0 (Macintosh; Intel Mac OS X 10_13_3) AppleWebKit/537.36 (KHTML, like Gecko) Chrome/68.0.3440.106 Safari/537.36"
::1 - - [24/Nov/2018:15:46:49 +0000] "GET /images/home.png HTTP/1.1" 404 - "http://localhost:3000/" "Mozilla/5.0 (Macintosh; Intel Mac OS X 10_13_3) AppleWebKit/537.36 (KHTML, like Gecko) Chrome/68.0.3440.106 Safari/537.36"
::1 - - [24/Nov/2018:15:46:49 +0000] "GET /__webpack_hmr HTTP/1.1" 404 - "http://localhost:3000/resources/assets/images/logo.png" "Mozilla/5.0 (Macintosh; Intel Mac OS X 10_13_3) AppleWebKit/537.36 (KHTML, like Gecko) Chrome/68.0.3440.106 Safari/537.36"
::1 - - [24/Nov/2018:15:46:56 +0000] "GET /__webpack_hmr HTTP/1.1" 404 - "http://localhost:3000/images/home.png" "Mozilla/5.0 (Macintosh; Intel Mac OS X 10_13_3) AppleWebKit/537.36 (KHTML, like Gecko) Chrome/68.0.3440.106 Safari/537.36"
::1 - - [24/Nov/2018:15:47:11 +0000] "GET /__webpack_hmr HTTP/1.1" 404 - "http://localhost:3000/resources/assets/images/logo.png" "Mozilla/5.0 (Macintosh; Intel Mac OS X 10_13_3) AppleWebKit/537.36 (KHTML, like Gecko) Chrome/68.0.3440.106 Safari/537.36"
::1 - - [24/Nov/2018:15:47:16 +0000] "GET /__webpack_hmr HTTP/1.1" 404 - "http://localhost:3000/images/home.png" "Mozilla/5.0 (Macintosh; Intel Mac OS X 10_13_3) AppleWebKit/537.36 (KHTML, like Gecko) Chrome/68.0.3440.106 Safari/537.36"
::1 - - [24/Nov/2018:15:47:31 +0000] "GET /__webpack_hmr HTTP/1.1" 404 - "http://localhost:3000/resources/assets/images/logo.png" "Mozilla/5.0 (Macintosh; Intel Mac OS X 10_13_3) AppleWebKit/537.36 (KHTML, like Gecko) Chrome/68.0.3440.106 Safari/537.36"
::1 - - [24/Nov/2018:15:47:37 +0000] "GET /__webpack_hmr HTTP/1.1" 404 - "http://localhost:3000/images/home.png" "Mozilla/5.0 (Macintosh; Intel Mac OS X 10_13_3) AppleWebKit/537.36 (KHTML, like Gecko) Chrome/68.0.3440.106 Safari/537.36"
::1 - - [24/Nov/2018:15:47:52 +0000] "GET /__webpack_hmr HTTP/1.1" 404 - "http://localhost:3000/resources/assets/images/logo.png" "Mozilla/5.0 (Macintosh; Intel Mac OS X 10_13_3) AppleWebKit/537.36 (KHTML, like Gecko) Chrome/68.0.3440.106 Safari/537.36"
::1 - - [24/Nov/2018:15:47:57 +0000] "GET /page2 HTTP/1.1" 404 - "http://localhost:3000/" "Mozilla/5.0 (Macintosh; Intel Mac OS X 10_13_3) AppleWebKit/537.36 (KHTML, like Gecko) Chrome/68.0.3440.106 Safari/537.36"
::1 - - [24/Nov/2018:15:47:58 +0000] "GET /__webpack_hmr HTTP/1.1" 404 - "http://localhost:3000/images/home.png" "Mozilla/5.0 (Macintosh; Intel Mac OS X 10_13_3) AppleWebKit/537.36 (KHTML, like Gecko) Chrome/68.0.3440.106 Safari/537.36"
::1 - - [24/Nov/2018:15:48:13 +0000] "GET /__webpack_hmr HTTP/1.1" 404 - "http://localhost:3000/resources/assets/images/logo.png" "Mozilla/5.0 (Macintosh; Intel Mac OS X 10_13_3) AppleWebKit/537.36 (KHTML, like Gecko) Chrome/68.0.3440.106 Safari/537.36"
::1 - - [24/Nov/2018:15:48:19 +0000] "GET /__webpack_hmr HTTP/1.1" 404 - "http://localhost:3000/images/home.png" "Mozilla/5.0 (Macintosh; Intel Mac OS X 10_13_3) AppleWebKit/537.36 (KHTML, like Gecko) Chrome/68.0.3440.106 Safari/537.36"
::1 - - [24/Nov/2018:15:48:35 +0000] "GET /__webpack_hmr HTTP/1.1" 404 - "http://localhost:3000/resources/assets/images/logo.png" "Mozilla/5.0 (Macintosh; Intel Mac OS X 10_13_3) AppleWebKit/537.36 (KHTML, like Gecko) Chrome/68.0.3440.106 Safari/537.36"
::1 - - [24/Nov/2018:15:48:43 +0000] "GET /__webpack_hmr HTTP/1.1" 404 - "http://localhost:3000/images/home.png" "Mozilla/5.0 (Macintosh; Intel Mac OS X 10_13_3) AppleWebKit/537.36 (KHTML, like Gecko) Chrome/68.0.3440.106 Safari/537.36"
::1 - - [24/Nov/2018:15:48:55 +0000] "GET /__webpack_hmr HTTP/1.1" 404 - "http://localhost:3000/resources/assets/images/logo.png" "Mozilla/5.0 (Macintosh; Intel Mac OS X 10_13_3) AppleWebKit/537.36 (KHTML, like Gecko) Chrome/68.0.3440.106 Safari/537.36"
::1 - - [24/Nov/2018:15:49:08 +0000] "GET /__webpack_hmr HTTP/1.1" 404 - "http://localhost:3000/images/home.png" "Mozilla/5.0 (Macintosh; Intel Mac OS X 10_13_3) AppleWebKit/537.36 (KHTML, like Gecko) Chrome/68.0.3440.106 Safari/537.36"
::1 - - [24/Nov/2018:15:49:19 +0000] "GET /__webpack_hmr HTTP/1.1" 404 - "http://localhost:3000/resources/assets/images/logo.png" "Mozilla/5.0 (Macintosh; Intel Mac OS X 10_13_3) AppleWebKit/537.36 (KHTML, like Gecko) Chrome/68.0.3440.106 Safari/537.36"
::1 - - [24/Nov/2018:15:49:34 +0000] "GET /__webpack_hmr HTTP/1.1" 404 - "http://localhost:3000/images/home.png" "Mozilla/5.0 (Macintosh; Intel Mac OS X 10_13_3) AppleWebKit/537.36 (KHTML, like Gecko) Chrome/68.0.3440.106 Safari/537.36"
::1 - - [24/Nov/2018:15:49:49 +0000] "GET /__webpack_hmr HTTP/1.1" 404 - "http://localhost:3000/resources/assets/images/logo.png" "Mozilla/5.0 (Macintosh; Intel Mac OS X 10_13_3) AppleWebKit/537.36 (KHTML, like Gecko) Chrome/68.0.3440.106 Safari/537.36"
::1 - - [24/Nov/2018:15:49:55 +0000] "GET /__webpack_hmr HTTP/1.1" 404 - "http://localhost:3000/images/home.png" "Mozilla/5.0 (Macintosh; Intel Mac OS X 10_13_3) AppleWebKit/537.36 (KHTML, like Gecko) Chrome/68.0.3440.106 Safari/537.36"
::1 - - [24/Nov/2018:15:50:09 +0000] "GET /__webpack_hmr HTTP/1.1" 404 - "http://localhost:3000/resources/assets/images/logo.png" "Mozilla/5.0 (Macintosh; Intel Mac OS X 10_13_3) AppleWebKit/537.36 (KHTML, like Gecko) Chrome/68.0.3440.106 Safari/537.36"
::1 - - [24/Nov/2018:15:50:16 +0000] "GET /__webpack_hmr HTTP/1.1" 404 - "http://localhost:3000/images/home.png" "Mozilla/5.0 (Macintosh; Intel Mac OS X 10_13_3) AppleWebKit/537.36 (KHTML, like Gecko) Chrome/68.0.3440.106 Safari/537.36"
::1 - - [24/Nov/2018:15:50:31 +0000] "GET /__webpack_hmr HTTP/1.1" 404 - "http://localhost:3000/resources/assets/images/logo.png" "Mozilla/5.0 (Macintosh; Intel Mac OS X 10_13_3) AppleWebKit/537.36 (KHTML, like Gecko) Chrome/68.0.3440.106 Safari/537.36"
::1 - - [24/Nov/2018:15:50:37 +0000] "GET /__webpack_hmr HTTP/1.1" 404 - "http://localhost:3000/images/home.png" "Mozilla/5.0 (Macintosh; Intel Mac OS X 10_13_3) AppleWebKit/537.36 (KHTML, like Gecko) Chrome/68.0.3440.106 Safari/537.36"
::1 - - [24/Nov/2018:15:50:51 +0000] "GET /__webpack_hmr HTTP/1.1" 404 - "http://localhost:3000/resources/assets/images/logo.png" "Mozilla/5.0 (Macintosh; Intel Mac OS X 10_13_3) AppleWebKit/537.36 (KHTML, like Gecko) Chrome/68.0.3440.106 Safari/537.36"
::1 - - [24/Nov/2018:15:50:58 +0000] "GET /__webpack_hmr HTTP/1.1" 404 - "http://localhost:3000/images/home.png" "Mozilla/5.0 (Macintosh; Intel Mac OS X 10_13_3) AppleWebKit/537.36 (KHTML, like Gecko) Chrome/68.0.3440.106 Safari/537.36"
::1 - - [24/Nov/2018:15:51:21 +0000] "GET /__webpack_hmr HTTP/1.1" 404 - "http://localhost:3000/resources/assets/images/logo.png" "Mozilla/5.0 (Macintosh; Intel Mac OS X 10_13_3) AppleWebKit/537.36 (KHTML, like Gecko) Chrome/68.0.3440.106 Safari/537.36"
::1 - - [24/Nov/2018:15:51:28 +0000] "GET /__webpack_hmr HTTP/1.1" 404 - "http://localhost:3000/images/home.png" "Mozilla/5.0 (Macintosh; Intel Mac OS X 10_13_3) AppleWebKit/537.36 (KHTML, like Gecko) Chrome/68.0.3440.106 Safari/537.36"
::1 - - [24/Nov/2018:15:51:51 +0000] "GET /__webpack_hmr HTTP/1.1" 404 - "http://localhost:3000/resources/assets/images/logo.png" "Mozilla/5.0 (Macintosh; Intel Mac OS X 10_13_3) AppleWebKit/537.36 (KHTML, like Gecko) Chrome/68.0.3440.106 Safari/537.36"
::1 - - [24/Nov/2018:15:51:58 +0000] "GET /__webpack_hmr HTTP/1.1" 404 - "http://localhost:3000/images/home.png" "Mozilla/5.0 (Macintosh; Intel Mac OS X 10_13_3) AppleWebKit/537.36 (KHTML, like Gecko) Chrome/68.0.3440.106 Safari/537.36"
::1 - - [24/Nov/2018:15:52:19 +0000] "GET /__webpack_hmr HTTP/1.1" 404 - "http://localhost:3000/resources/assets/images/logo.png" "Mozilla/5.0 (Macintosh; Intel Mac OS X 10_13_3) AppleWebKit/537.36 (KHTML, like Gecko) Chrome/68.0.3440.106 Safari/537.36"
::1 - - [24/Nov/2018:15:52:26 +0000] "GET /__webpack_hmr HTTP/1.1" 404 - "http://localhost:3000/images/home.png" "Mozilla/5.0 (Macintosh; Intel Mac OS X 10_13_3) AppleWebKit/537.36 (KHTML, like Gecko) Chrome/68.0.3440.106 Safari/537.36"
::1 - - [24/Nov/2018:15:52:45 +0000] "GET /__webpack_hmr HTTP/1.1" 404 - "http://localhost:3000/resources/assets/images/logo.png" "Mozilla/5.0 (Macintosh; Intel Mac OS X 10_13_3) AppleWebKit/537.36 (KHTML, like Gecko) Chrome/68.0.3440.106 Safari/537.36"
::1 - - [24/Nov/2018:15:52:52 +0000] "GET /__webpack_hmr HTTP/1.1" 404 - "http://localhost:3000/images/home.png" "Mozilla/5.0 (Macintosh; Intel Mac OS X 10_13_3) AppleWebKit/537.36 (KHTML, like Gecko) Chrome/68.0.3440.106 Safari/537.36"
::1 - - [24/Nov/2018:15:53:06 +0000] "GET /__webpack_hmr HTTP/1.1" 404 - "http://localhost:3000/resources/assets/images/logo.png" "Mozilla/5.0 (Macintosh; Intel Mac OS X 10_13_3) AppleWebKit/537.36 (KHTML, like Gecko) Chrome/68.0.3440.106 Safari/537.36"
::1 - - [24/Nov/2018:15:53:13 +0000] "GET /__webpack_hmr HTTP/1.1" 404 - "http://localhost:3000/images/home.png" "Mozilla/5.0 (Macintosh; Intel Mac OS X 10_13_3) AppleWebKit/537.36 (KHTML, like Gecko) Chrome/68.0.3440.106 Safari/537.36"
::1 - - [24/Nov/2018:15:53:36 +0000] "GET /__webpack_hmr HTTP/1.1" 404 - "http://localhost:3000/resources/assets/images/logo.png" "Mozilla/5.0 (Macintosh; Intel Mac OS X 10_13_3) AppleWebKit/537.36 (KHTML, like Gecko) Chrome/68.0.3440.106 Safari/537.36"
::1 - - [24/Nov/2018:15:53:43 +0000] "GET /__webpack_hmr HTTP/1.1" 404 - "http://localhost:3000/images/home.png" "Mozilla/5.0 (Macintosh; Intel Mac OS X 10_13_3) AppleWebKit/537.36 (KHTML, like Gecko) Chrome/68.0.3440.106 Safari/537.36"
::1 - - [24/Nov/2018:15:53:56 +0000] "GET /__webpack_hmr HTTP/1.1" 404 - "http://localhost:3000/resources/assets/images/logo.png" "Mozilla/5.0 (Macintosh; Intel Mac OS X 10_13_3) AppleWebKit/537.36 (KHTML, like Gecko) Chrome/68.0.3440.106 Safari/537.36"
::1 - - [24/Nov/2018:15:54:03 +0000] "GET /__webpack_hmr HTTP/1.1" 404 - "http://localhost:3000/images/home.png" "Mozilla/5.0 (Macintosh; Intel Mac OS X 10_13_3) AppleWebKit/537.36 (KHTML, like Gecko) Chrome/68.0.3440.106 Safari/537.36"
::1 - - [24/Nov/2018:15:54:19 +0000] "GET /__webpack_hmr HTTP/1.1" 404 - "http://localhost:3000/resources/assets/images/logo.png" "Mozilla/5.0 (Macintosh; Intel Mac OS X 10_13_3) AppleWebKit/537.36 (KHTML, like Gecko) Chrome/68.0.3440.106 Safari/537.36"
::1 - - [24/Nov/2018:15:54:25 +0000] "GET /__webpack_hmr HTTP/1.1" 404 - "http://localhost:3000/images/home.png" "Mozilla/5.0 (Macintosh; Intel Mac OS X 10_13_3) AppleWebKit/537.36 (KHTML, like Gecko) Chrome/68.0.3440.106 Safari/537.36"
::1 - - [24/Nov/2018:15:54:39 +0000] "GET /__webpack_hmr HTTP/1.1" 404 - "http://localhost:3000/resources/assets/images/logo.png" "Mozilla/5.0 (Macintosh; Intel Mac OS X 10_13_3) AppleWebKit/537.36 (KHTML, like Gecko) Chrome/68.0.3440.106 Safari/537.36"
::1 - - [24/Nov/2018:15:54:45 +0000] "GET /__webpack_hmr HTTP/1.1" 404 - "http://localhost:3000/images/home.png" "Mozilla/5.0 (Macintosh; Intel Mac OS X 10_13_3) AppleWebKit/537.36 (KHTML, like Gecko) Chrome/68.0.3440.106 Safari/537.36"
::1 - - [24/Nov/2018:15:55:01 +0000] "GET /__webpack_hmr HTTP/1.1" 404 - "http://localhost:3000/resources/assets/images/logo.png" "Mozilla/5.0 (Macintosh; Intel Mac OS X 10_13_3) AppleWebKit/537.36 (KHTML, like Gecko) Chrome/68.0.3440.106 Safari/537.36"
::1 - - [24/Nov/2018:15:55:06 +0000] "GET /__webpack_hmr HTTP/1.1" 404 - "http://localhost:3000/images/home.png" "Mozilla/5.0 (Macintosh; Intel Mac OS X 10_13_3) AppleWebKit/537.36 (KHTML, like Gecko) Chrome/68.0.3440.106 Safari/537.36"
